#
# There is insufficient memory for the Java Runtime Environment to continue.
# Native memory allocation (mmap) failed to map 69206016 bytes for Failed to commit area from 0x0000000094600000 to 0x0000000098800000 of length 69206016.
# Possible reasons:
#   The system is out of physical RAM or swap space
#   The process is running with CompressedOops enabled, and the Java Heap may be blocking the growth of the native heap
# Possible solutions:
#   Reduce memory load on the system
#   Increase physical memory or swap space
#   Check if swap backing store is full
#   Decrease Java heap size (-Xmx/-Xms)
#   Decrease number of Java threads
#   Decrease Java thread stack sizes (-Xss)
#   Set larger code cache with -XX:ReservedCodeCacheSize=
#   JVM is running with Unscaled Compressed Oops mode in which the Java heap is
#     placed in the first 4GB address space. The Java Heap base address is the
#     maximum limit for the native heap growth. Please use -XX:HeapBaseMinAddress
#     to set the Java Heap base and to place the Java Heap above 4GB virtual address.
# This output file may be truncated or incomplete.
#
#  Out of Memory Error (./src/hotspot/os/windows/os_windows.cpp:3386), pid=7196, tid=8944
#
# JRE version: OpenJDK Runtime Environment Corretto-11.0.16.9.1 (11.0.16.1+9) (build 11.0.16.1+9-LTS)
# Java VM: OpenJDK 64-Bit Server VM Corretto-11.0.16.9.1 (11.0.16.1+9-LTS, mixed mode, tiered, compressed oops, g1 gc, windows-amd64)
# No core dump will be written. Minidumps are not enabled by default on client versions of Windows
#

---------------  S U M M A R Y ------------

Command Line: --add-opens=java.base/java.util=ALL-UNNAMED --add-opens=java.base/java.lang=ALL-UNNAMED --add-opens=java.base/java.lang.invoke=ALL-UNNAMED --add-opens=java.base/java.util=ALL-UNNAMED --add-opens=java.prefs/java.util.prefs=ALL-UNNAMED --add-opens=java.prefs/java.util.prefs=ALL-UNNAMED --add-opens=java.base/java.nio.charset=ALL-UNNAMED --add-opens=java.base/java.net=ALL-UNNAMED --add-opens=java.base/java.util.concurrent.atomic=ALL-UNNAMED -Xmx2048m -Dfile.encoding=UTF-8 -Duser.country=IT -Duser.language=it -Duser.variant org.gradle.launcher.daemon.bootstrap.GradleDaemon 7.3.3

Host: Intel(R) Core(TM) i7-6500U CPU @ 2.50GHz, 4 cores, 7G,  Windows 10 , 64 bit Build 19041 (10.0.19041.1889)
Time: Fri Sep  2 22:42:30 2022 ora legale Europa occidentale elapsed time: 243.724400 seconds (0d 0h 4m 3s)

---------------  T H R E A D  ---------------

Current thread (0x000002eafc5c7800):  VMThread "VM Thread" [stack: 0x000000f3e6900000,0x000000f3e6a00000] [id=8944]

Stack: [0x000000f3e6900000,0x000000f3e6a00000]
[error occurred during error reporting (printing stack bounds), id 0xc0000005, EXCEPTION_ACCESS_VIOLATION (0xc0000005) at pc=0x000002eae64f112d]

Native frames: (J=compiled Java code, j=interpreted, Vv=VM code, C=native code)
V  [jvm.dll+0x61f23a]
V  [jvm.dll+0x7ac419]
V  [jvm.dll+0x7adb08]
V  [jvm.dll+0x7ae145]
V  [jvm.dll+0x7ae0fb]
V  [jvm.dll+0x61e5c7]
V  [jvm.dll+0x61ecd8]
C  [ntdll.dll+0xa229f]
C  [ntdll.dll+0x51454]
C  [ntdll.dll+0xa0dce]
C  0x000002eae64f112d

VM_Operation (0x000000f3e96f8ea0): G1CollectForAllocation, mode: safepoint, requested by thread 0x000002ea802f3800


---------------  P R O C E S S  ---------------

Threads class SMR info:
_java_thread_list=0x000002eafe31d4d0, length=92, elements={
0x000002eaddd8f800, 0x000002eafc5cd000, 0x000002eafc5d6800, 0x000002eafc5ea800,
0x000002eafc5eb800, 0x000002eafc5ee000, 0x000002eafc5f7000, 0x000002eafc5f8800,
0x000002eafc5fa800, 0x000002eafd0c7000, 0x000002eaff889000, 0x000002eaff8fe800,
0x000002eafe363800, 0x000002eafea1f800, 0x000002eafe949800, 0x000002eafdfae800,
0x000002eafdfaf800, 0x000002eafdfb0000, 0x000002ea80e08800, 0x000002ea80e09800,
0x000002ea80e0b000, 0x000002ea80e0d800, 0x000002ea80e07800, 0x000002ea80e11800,
0x000002ea80e0e000, 0x000002ea802eb800, 0x000002ea802ee000, 0x000002ea802f7000,
0x000002ea85697800, 0x000002ea8569b800, 0x000002ea8569c800, 0x000002ea85698000,
0x000002ea802ec800, 0x000002ea802ea000, 0x000002ea802e9000, 0x000002ea802e8800,
0x000002ea802f2000, 0x000002ea802ef000, 0x000002ea802f3000, 0x000002ea802f6000,
0x000002ea802f0800, 0x000002ea802f1000, 0x000002ea802f3800, 0x000002ea802f4800,
0x000002ea802f5800, 0x000002ea8569a800, 0x000002ea8569a000, 0x000002ea8569e000,
0x000002ea85699000, 0x000002ea856a1000, 0x000002ea8569f800, 0x000002ea856a0800,
0x000002ea856a2000, 0x000002ea8569d000, 0x000002ea856a5800, 0x000002ea856a3800,
0x000002ea856a6000, 0x000002ea856a4800, 0x000002ea856a3000, 0x000002ea80e0a000,
0x000002ea80e06000, 0x000002ea80e10800, 0x000002ea80e0b800, 0x000002ea80e14800,
0x000002eafdfad800, 0x000002ea87889800, 0x000002ea8788a800, 0x000002ea8788d000,
0x000002ea87888000, 0x000002ea8788b000, 0x000002ea8788d800, 0x000002ea87889000,
0x000002ea8788e800, 0x000002ea8788f800, 0x000002ea87890000, 0x000002ea87891000,
0x000002ea87892000, 0x000002ea8788c000, 0x000002ea87893800, 0x000002ea87892800,
0x000002ea87894000, 0x000002ea87896000, 0x000002ea8569f000, 0x000002ea894d5000,
0x000002ea894d4000, 0x000002ea894d5800, 0x000002ea894d2800, 0x000002ea894d3800,
0x000002ea894d1800, 0x000002ea894d1000, 0x000002ea894d8000, 0x000002ea80a44000
}

Java Threads: ( => current thread )
  0x000002eaddd8f800 JavaThread "main" [_thread_blocked, id=12416, stack(0x000000f3e6300000,0x000000f3e6400000)]
  0x000002eafc5cd000 JavaThread "Reference Handler" daemon [_thread_blocked, id=7972, stack(0x000000f3e6a00000,0x000000f3e6b00000)]
  0x000002eafc5d6800 JavaThread "Finalizer" daemon [_thread_blocked, id=14208, stack(0x000000f3e6b00000,0x000000f3e6c00000)]
  0x000002eafc5ea800 JavaThread "Signal Dispatcher" daemon [_thread_blocked, id=3680, stack(0x000000f3e6c00000,0x000000f3e6d00000)]
  0x000002eafc5eb800 JavaThread "Attach Listener" daemon [_thread_blocked, id=10524, stack(0x000000f3e6d00000,0x000000f3e6e00000)]
  0x000002eafc5ee000 JavaThread "Service Thread" daemon [_thread_blocked, id=8544, stack(0x000000f3e6e00000,0x000000f3e6f00000)]
  0x000002eafc5f7000 JavaThread "C2 CompilerThread0" daemon [_thread_in_native, id=11448, stack(0x000000f3e6f00000,0x000000f3e7000000)]
  0x000002eafc5f8800 JavaThread "C1 CompilerThread0" daemon [_thread_blocked, id=4052, stack(0x000000f3e7000000,0x000000f3e7100000)]
  0x000002eafc5fa800 JavaThread "Sweeper thread" daemon [_thread_blocked, id=1568, stack(0x000000f3e7100000,0x000000f3e7200000)]
  0x000002eafd0c7000 JavaThread "Common-Cleaner" daemon [_thread_blocked, id=10228, stack(0x000000f3e7200000,0x000000f3e7300000)]
  0x000002eaff889000 JavaThread "Daemon health stats" [_thread_blocked, id=6276, stack(0x000000f3e7700000,0x000000f3e7800000)]
  0x000002eaff8fe800 JavaThread "Incoming local TCP Connector on port 64333" [_thread_in_native, id=12328, stack(0x000000f3e7400000,0x000000f3e7500000)]
  0x000002eafe363800 JavaThread "Daemon periodic checks" [_thread_blocked, id=10752, stack(0x000000f3e7800000,0x000000f3e7900000)]
  0x000002eafea1f800 JavaThread "Daemon" [_thread_blocked, id=8124, stack(0x000000f3e7900000,0x000000f3e7a00000)]
  0x000002eafe949800 JavaThread "Daemon worker" [_thread_blocked, id=3648, stack(0x000000f3e7c00000,0x000000f3e7d00000)]
  0x000002eafdfae800 JavaThread "Cache worker for journal cache (C:\Users\Toyem Ryan\.gradle\caches\journal-1)" [_thread_blocked, id=4248, stack(0x000000f3e8200000,0x000000f3e8300000)]
  0x000002eafdfaf800 JavaThread "File lock request listener" [_thread_in_native, id=13564, stack(0x000000f3e8300000,0x000000f3e8400000)]
  0x000002eafdfb0000 JavaThread "Cache worker for file hash cache (C:\Users\Toyem Ryan\.gradle\caches\7.3.3\fileHashes)" [_thread_blocked, id=6316, stack(0x000000f3e8400000,0x000000f3e8500000)]
  0x000002ea80e08800 JavaThread "File watcher server" daemon [_thread_blocked, id=676, stack(0x000000f3e8600000,0x000000f3e8700000)]
  0x000002ea80e09800 JavaThread "File watcher consumer" daemon [_thread_blocked, id=10276, stack(0x000000f3e8700000,0x000000f3e8800000)]
  0x000002ea80e0b000 JavaThread "Cache worker for execution history cache (C:\Users\Toyem Ryan\.gradle\caches\7.3.3\executionHistory)" [_thread_blocked, id=228, stack(0x000000f3e8b00000,0x000000f3e8c00000)]
  0x000002ea80e0d800 JavaThread "jar transforms" [_thread_blocked, id=12912, stack(0x000000f3e8c00000,0x000000f3e8d00000)]
  0x000002ea80e07800 JavaThread "jar transforms Thread 2" [_thread_blocked, id=5028, stack(0x000000f3e8d00000,0x000000f3e8e00000)]
  0x000002ea80e11800 JavaThread "Cache worker for file content cache (C:\Users\Toyem Ryan\.gradle\caches\7.3.3\fileContent)" [_thread_blocked, id=7084, stack(0x000000f3e8e00000,0x000000f3e8f00000)]
  0x000002ea80e0e000 JavaThread "jar transforms Thread 3" [_thread_blocked, id=7704, stack(0x000000f3e9000000,0x000000f3e9100000)]
  0x000002ea802eb800 JavaThread "jar transforms Thread 4" [_thread_blocked, id=12080, stack(0x000000f3eba00000,0x000000f3ebb00000)]
  0x000002ea802ee000 JavaThread "Memory manager" [_thread_blocked, id=6728, stack(0x000000f3ebb00000,0x000000f3ebc00000)]
  0x000002ea802f7000 JavaThread "RMI Scheduler(0)" daemon [_thread_blocked, id=6280, stack(0x000000f3e6000000,0x000000f3e6100000)]
  0x000002ea85697800 JavaThread "RMI RenewClean-[127.0.0.1:17370,org.jetbrains.kotlin.daemon.common.LoopbackNetworkInterface$ClientLoopbackSocketFactory@b6e65a6]" daemon [_thread_blocked, id=11116, stack(0x000000f3e6200000,0x000000f3e6300000)]
  0x000002ea8569b800 JavaThread "RMI GC Daemon" daemon [_thread_blocked, id=2240, stack(0x000000f3e7e00000,0x000000f3e7f00000)]
  0x000002ea8569c800 JavaThread "RMI TCP Accept-0" daemon [_thread_in_native, id=9028, stack(0x000000f3e8000000,0x000000f3e8100000)]
  0x000002ea85698000 JavaThread "RMI Reaper" [_thread_blocked, id=904, stack(0x000000f3ecc00000,0x000000f3ecd00000)]
  0x000002ea802ec800 JavaThread "Handler for socket connection from /127.0.0.1:64333 to /127.0.0.1:64347" [_thread_in_native, id=2988, stack(0x000000f3e6100000,0x000000f3e6200000)]
  0x000002ea802ea000 JavaThread "Cancel handler" [_thread_blocked, id=9380, stack(0x000000f3e7a00000,0x000000f3e7b00000)]
  0x000002ea802e9000 JavaThread "Asynchronous log dispatcher for DefaultDaemonConnection: socket connection from /127.0.0.1:64333 to /127.0.0.1:64347" [_thread_blocked, id=1756, stack(0x000000f3e7b00000,0x000000f3e7c00000)]
  0x000002ea802e8800 JavaThread "Daemon client event forwarder" [_thread_blocked, id=14244, stack(0x000000f3e7f00000,0x000000f3e8000000)]
  0x000002ea802f2000 JavaThread "Cache worker for file hash cache (C:\Users\Toyem Ryan\AndroidStudioProjects\MeteoApp\.gradle\7.3.3\fileHashes)" [_thread_blocked, id=2152, stack(0x000000f3e8500000,0x000000f3e8600000)]
  0x000002ea802ef000 JavaThread "Cache worker for checksums cache (C:\Users\Toyem Ryan\AndroidStudioProjects\MeteoApp\.gradle\7.3.3\checksums)" [_thread_blocked, id=2824, stack(0x000000f3e8900000,0x000000f3e8a00000)]
  0x000002ea802f3000 JavaThread "Cache worker for cache directory md-supplier (C:\Users\Toyem Ryan\.gradle\caches\7.3.3\md-supplier)" [_thread_blocked, id=12572, stack(0x000000f3e8a00000,0x000000f3e8b00000)]
  0x000002ea802f6000 JavaThread "Cache worker for cache directory md-rule (C:\Users\Toyem Ryan\.gradle\caches\7.3.3\md-rule)" [_thread_blocked, id=12064, stack(0x000000f3e8f00000,0x000000f3e9000000)]
  0x000002ea802f0800 JavaThread "Cache worker for dependencies-accessors (C:\Users\Toyem Ryan\AndroidStudioProjects\MeteoApp\.gradle\7.3.3\dependencies-accessors)" [_thread_blocked, id=6764, stack(0x000000f3e9100000,0x000000f3e9200000)]
  0x000002ea802f1000 JavaThread "Cache worker for Build Output Cleanup Cache (C:\Users\Toyem Ryan\AndroidStudioProjects\MeteoApp\.gradle\buildOutputCleanup)" [_thread_blocked, id=11600, stack(0x000000f3e9500000,0x000000f3e9600000)]
  0x000002ea802f3800 JavaThread "Unconstrained build operations" [_thread_blocked, id=11364, stack(0x000000f3e9600000,0x000000f3e9700000)]
  0x000002ea802f4800 JavaThread "Unconstrained build operations Thread 2" [_thread_blocked, id=4576, stack(0x000000f3e9700000,0x000000f3e9800000)]
  0x000002ea802f5800 JavaThread "Unconstrained build operations Thread 3" [_thread_blocked, id=11456, stack(0x000000f3e9800000,0x000000f3e9900000)]
  0x000002ea8569a800 JavaThread "Unconstrained build operations Thread 4" [_thread_blocked, id=3536, stack(0x000000f3e9900000,0x000000f3e9a00000)]
  0x000002ea8569a000 JavaThread "Unconstrained build operations Thread 5" [_thread_blocked, id=7648, stack(0x000000f3e9a00000,0x000000f3e9b00000)]
  0x000002ea8569e000 JavaThread "Unconstrained build operations Thread 6" [_thread_blocked, id=1448, stack(0x000000f3e9b00000,0x000000f3e9c00000)]
  0x000002ea85699000 JavaThread "Unconstrained build operations Thread 7" [_thread_blocked, id=5796, stack(0x000000f3e9c00000,0x000000f3e9d00000)]
  0x000002ea856a1000 JavaThread "Unconstrained build operations Thread 8" [_thread_blocked, id=4944, stack(0x000000f3e9d00000,0x000000f3e9e00000)]
  0x000002ea8569f800 JavaThread "Unconstrained build operations Thread 9" [_thread_blocked, id=11516, stack(0x000000f3e9e00000,0x000000f3e9f00000)]
  0x000002ea856a0800 JavaThread "Unconstrained build operations Thread 10" [_thread_blocked, id=12336, stack(0x000000f3e9f00000,0x000000f3ea000000)]
  0x000002ea856a2000 JavaThread "Unconstrained build operations Thread 11" [_thread_blocked, id=4476, stack(0x000000f3ea000000,0x000000f3ea100000)]
  0x000002ea8569d000 JavaThread "Unconstrained build operations Thread 12" [_thread_blocked, id=6532, stack(0x000000f3ea100000,0x000000f3ea200000)]
  0x000002ea856a5800 JavaThread "Unconstrained build operations Thread 13" [_thread_blocked, id=12624, stack(0x000000f3ea200000,0x000000f3ea300000)]
  0x000002ea856a3800 JavaThread "Unconstrained build operations Thread 14" [_thread_blocked, id=10152, stack(0x000000f3ea300000,0x000000f3ea400000)]
  0x000002ea856a6000 JavaThread "Unconstrained build operations Thread 15" [_thread_blocked, id=2276, stack(0x000000f3ea400000,0x000000f3ea500000)]
  0x000002ea856a4800 JavaThread "Unconstrained build operations Thread 16" [_thread_blocked, id=1516, stack(0x000000f3ea500000,0x000000f3ea600000)]
  0x000002ea856a3000 JavaThread "Unconstrained build operations Thread 17" [_thread_blocked, id=10548, stack(0x000000f3ea600000,0x000000f3ea700000)]
  0x000002ea80e0a000 JavaThread "Unconstrained build operations Thread 18" [_thread_blocked, id=8640, stack(0x000000f3ea700000,0x000000f3ea800000)]
  0x000002ea80e06000 JavaThread "Unconstrained build operations Thread 19" [_thread_blocked, id=3496, stack(0x000000f3ea800000,0x000000f3ea900000)]
  0x000002ea80e10800 JavaThread "Unconstrained build operations Thread 20" [_thread_blocked, id=8628, stack(0x000000f3ea900000,0x000000f3eaa00000)]
  0x000002ea80e0b800 JavaThread "Unconstrained build operations Thread 21" [_thread_blocked, id=11152, stack(0x000000f3eaa00000,0x000000f3eab00000)]
  0x000002ea80e14800 JavaThread "Unconstrained build operations Thread 22" [_thread_blocked, id=9648, stack(0x000000f3eab00000,0x000000f3eac00000)]
  0x000002eafdfad800 JavaThread "Unconstrained build operations Thread 23" [_thread_blocked, id=11284, stack(0x000000f3eac00000,0x000000f3ead00000)]
  0x000002ea87889800 JavaThread "Unconstrained build operations Thread 24" [_thread_blocked, id=108, stack(0x000000f3ead00000,0x000000f3eae00000)]
  0x000002ea8788a800 JavaThread "Unconstrained build operations Thread 25" [_thread_blocked, id=1616, stack(0x000000f3eae00000,0x000000f3eaf00000)]
  0x000002ea8788d000 JavaThread "Unconstrained build operations Thread 26" [_thread_blocked, id=6404, stack(0x000000f3eaf00000,0x000000f3eb000000)]
  0x000002ea87888000 JavaThread "Unconstrained build operations Thread 27" [_thread_blocked, id=12988, stack(0x000000f3eb000000,0x000000f3eb100000)]
  0x000002ea8788b000 JavaThread "Unconstrained build operations Thread 28" [_thread_blocked, id=12512, stack(0x000000f3eb100000,0x000000f3eb200000)]
  0x000002ea8788d800 JavaThread "Unconstrained build operations Thread 29" [_thread_blocked, id=12348, stack(0x000000f3eb200000,0x000000f3eb300000)]
  0x000002ea87889000 JavaThread "Unconstrained build operations Thread 30" [_thread_blocked, id=5408, stack(0x000000f3eb300000,0x000000f3eb400000)]
  0x000002ea8788e800 JavaThread "Unconstrained build operations Thread 31" [_thread_blocked, id=11800, stack(0x000000f3eb400000,0x000000f3eb500000)]
  0x000002ea8788f800 JavaThread "Unconstrained build operations Thread 32" [_thread_blocked, id=9124, stack(0x000000f3eb500000,0x000000f3eb600000)]
  0x000002ea87890000 JavaThread "Unconstrained build operations Thread 33" [_thread_blocked, id=2084, stack(0x000000f3eb600000,0x000000f3eb700000)]
  0x000002ea87891000 JavaThread "Unconstrained build operations Thread 34" [_thread_blocked, id=10264, stack(0x000000f3eb700000,0x000000f3eb800000)]
  0x000002ea87892000 JavaThread "Unconstrained build operations Thread 35" [_thread_blocked, id=10748, stack(0x000000f3eb800000,0x000000f3eb900000)]
  0x000002ea8788c000 JavaThread "Unconstrained build operations Thread 36" [_thread_blocked, id=2660, stack(0x000000f3eb900000,0x000000f3eba00000)]
  0x000002ea87893800 JavaThread "Unconstrained build operations Thread 37" [_thread_blocked, id=13472, stack(0x000000f3ebc00000,0x000000f3ebd00000)]
  0x000002ea87892800 JavaThread "Unconstrained build operations Thread 38" [_thread_blocked, id=3376, stack(0x000000f3ebd00000,0x000000f3ebe00000)]
  0x000002ea87894000 JavaThread "Unconstrained build operations Thread 39" [_thread_blocked, id=4868, stack(0x000000f3ebe00000,0x000000f3ebf00000)]
  0x000002ea87896000 JavaThread "Unconstrained build operations Thread 40" [_thread_blocked, id=14048, stack(0x000000f3ebf00000,0x000000f3ec000000)]
  0x000002ea8569f000 JavaThread "build event listener" [_thread_blocked, id=13240, stack(0x000000f3e8800000,0x000000f3e8900000)]
  0x000002ea894d5000 JavaThread "Execution worker for ':'" [_thread_blocked, id=10564, stack(0x000000f3e9300000,0x000000f3e9400000)]
  0x000002ea894d4000 JavaThread "Execution worker for ':' Thread 2" [_thread_blocked, id=12388, stack(0x000000f3e9400000,0x000000f3e9500000)]
  0x000002ea894d5800 JavaThread "Execution worker for ':' Thread 3" [_thread_blocked, id=10108, stack(0x000000f3ec400000,0x000000f3ec500000)]
  0x000002ea894d2800 JavaThread "Cache worker for execution history cache (C:\Users\Toyem Ryan\AndroidStudioProjects\MeteoApp\.gradle\7.3.3\executionHistory)" [_thread_blocked, id=8220, stack(0x000000f3ec500000,0x000000f3ec600000)]
  0x000002ea894d3800 JavaThread "WorkerExecutor Queue" [_thread_blocked, id=4240, stack(0x000000f3e7d00000,0x000000f3e7e00000)]
  0x000002ea894d1800 JavaThread "WorkerExecutor Queue Thread 2" [_thread_blocked, id=2140, stack(0x000000f3ec700000,0x000000f3ec800000)]
  0x000002ea894d1000 JavaThread "WorkerExecutor Queue Thread 3" [_thread_blocked, id=3100, stack(0x000000f3ec800000,0x000000f3ec900000)]
  0x000002ea894d8000 JavaThread "WorkerExecutor Queue Thread 4" [_thread_blocked, id=5228, stack(0x000000f3ec900000,0x000000f3eca00000)]
  0x000002ea80a44000 JavaThread "C2 CompilerThread1" daemon [_thread_in_native, id=7976, stack(0x000000f3ec600000,0x000000f3ec700000)]

Other Threads:
=>0x000002eafc5c7800 VMThread "VM Thread" [stack: 0x000000f3e6900000,0x000000f3e6a00000] [id=8944]
  0x000002eafd0e5800 WatcherThread [stack: 0x000000f3e7300000,0x000000f3e7400000] [id=13632]
  0x000002eaddda8000 GCTaskThread "GC Thread#0" [stack: 0x000000f3e6400000,0x000000f3e6500000] [id=7460]
  0x000002eafd9e0000 GCTaskThread "GC Thread#1" [stack: 0x000000f3e7500000,0x000000f3e7600000] [id=10848]
  0x000002eafd660000 GCTaskThread "GC Thread#2" [stack: 0x000000f3e7600000,0x000000f3e7700000] [id=10648]
  0x000002eafe671800 GCTaskThread "GC Thread#3" [stack: 0x000000f3e8100000,0x000000f3e8200000] [id=3024]
  0x000002eadddda800 ConcurrentGCThread "G1 Main Marker" [stack: 0x000000f3e6500000,0x000000f3e6600000] [id=7556]
  0x000002eaddddb800 ConcurrentGCThread "G1 Conc#0" [stack: 0x000000f3e6600000,0x000000f3e6700000] [id=9472]
  0x000002eadde68000 ConcurrentGCThread "G1 Refine#0" [stack: 0x000000f3e6700000,0x000000f3e6800000] [id=1212]
  0x000002eaffbfc000 ConcurrentGCThread "G1 Refine#1" [stack: 0x000000f3ec200000,0x000000f3ec300000] [id=7980]
  0x000002ea80c05000 ConcurrentGCThread "G1 Refine#2" [stack: 0x000000f3ec300000,0x000000f3ec400000] [id=8952]
  0x000002eadde69000 ConcurrentGCThread "G1 Young RemSet Sampling" [stack: 0x000000f3e6800000,0x000000f3e6900000] [id=1288]

Threads with active compile tasks:
C2 CompilerThread0   243780 30656       4       com.android.tools.r8.internal.Ed::a (362 bytes)
C2 CompilerThread1   243780 30052 %     4       com.android.tools.r8.ir.regalloc.b::c @ 1542 (3963 bytes)

VM state:at safepoint (normal execution)

VM Mutex/Monitor currently owned by a thread:  ([mutex/lock_event])
[0x000002eaddd8afa0] Threads_lock - owner thread: 0x000002eafc5c7800
[0x000002eaddd8b5d0] Heap_lock - owner thread: 0x000002ea802f3800

Heap address: 0x0000000080000000, size: 2048 MB, Compressed Oops mode: 32-bit
Narrow klass base: 0x0000000000000000, Narrow klass shift: 3
Compressed class space size: 1073741824 Address: 0x0000000100000000

Heap:
 garbage-first heap   total 401408K, used 203859K [0x0000000080000000, 0x0000000100000000)
  region size 1024K, 2 young (2048K), 2 survivors (2048K)
 Metaspace       used 177447K, capacity 181630K, committed 181968K, reserved 1208320K
  class space    used 21973K, capacity 23530K, committed 23680K, reserved 1048576K
Heap Regions: E=young(eden), S=young(survivor), O=old, HS=humongous(starts), HC=humongous(continues), CS=collection set, F=free, A=archive, TAMS=top-at-mark-start (previous, next)
|   0|0x0000000080000000, 0x0000000080100000, 0x0000000080100000|100%|HS|  |TAMS 0x0000000080100000, 0x0000000080000000| Complete 
|   1|0x0000000080100000, 0x0000000080200000, 0x0000000080200000|100%|HC|  |TAMS 0x0000000080200000, 0x0000000080100000| Complete 
|   2|0x0000000080200000, 0x0000000080300000, 0x0000000080300000|100%|HC|  |TAMS 0x0000000080300000, 0x0000000080200000| Complete 
|   3|0x0000000080300000, 0x0000000080400000, 0x0000000080400000|100%| O|  |TAMS 0x0000000080400000, 0x0000000080300000| Untracked 
|   4|0x0000000080400000, 0x0000000080500000, 0x0000000080500000|100%| O|  |TAMS 0x0000000080500000, 0x0000000080400000| Untracked 
|   5|0x0000000080500000, 0x0000000080600000, 0x0000000080600000|100%| O|  |TAMS 0x0000000080600000, 0x0000000080500000| Untracked 
|   6|0x0000000080600000, 0x0000000080700000, 0x0000000080700000|100%| O|  |TAMS 0x0000000080700000, 0x0000000080600000| Untracked 
|   7|0x0000000080700000, 0x0000000080800000, 0x0000000080800000|100%| O|  |TAMS 0x0000000080800000, 0x0000000080700000| Untracked 
|   8|0x0000000080800000, 0x0000000080900000, 0x0000000080900000|100%| O|  |TAMS 0x0000000080900000, 0x0000000080800000| Untracked 
|   9|0x0000000080900000, 0x0000000080a00000, 0x0000000080a00000|100%| O|  |TAMS 0x0000000080a00000, 0x0000000080900000| Untracked 
|  10|0x0000000080a00000, 0x0000000080b00000, 0x0000000080b00000|100%| O|  |TAMS 0x0000000080b00000, 0x0000000080a00000| Untracked 
|  11|0x0000000080b00000, 0x0000000080c00000, 0x0000000080c00000|100%| O|  |TAMS 0x0000000080c00000, 0x0000000080b00000| Untracked 
|  12|0x0000000080c00000, 0x0000000080d00000, 0x0000000080d00000|100%| O|  |TAMS 0x0000000080d00000, 0x0000000080c00000| Untracked 
|  13|0x0000000080d00000, 0x0000000080e00000, 0x0000000080e00000|100%| O|  |TAMS 0x0000000080e00000, 0x0000000080d00000| Untracked 
|  14|0x0000000080e00000, 0x0000000080f00000, 0x0000000080f00000|100%| O|  |TAMS 0x0000000080f00000, 0x0000000080e00000| Untracked 
|  15|0x0000000080f00000, 0x0000000081000000, 0x0000000081000000|100%| O|  |TAMS 0x0000000081000000, 0x0000000080f00000| Untracked 
|  16|0x0000000081000000, 0x0000000081100000, 0x0000000081100000|100%| O|  |TAMS 0x0000000081100000, 0x0000000081000000| Untracked 
|  17|0x0000000081100000, 0x0000000081200000, 0x0000000081200000|100%| O|  |TAMS 0x0000000081200000, 0x0000000081100000| Untracked 
|  18|0x0000000081200000, 0x0000000081300000, 0x0000000081300000|100%| O|  |TAMS 0x0000000081300000, 0x0000000081200000| Untracked 
|  19|0x0000000081300000, 0x0000000081400000, 0x0000000081400000|100%| O|  |TAMS 0x0000000081400000, 0x0000000081300000| Untracked 
|  20|0x0000000081400000, 0x0000000081500000, 0x0000000081500000|100%| O|  |TAMS 0x0000000081500000, 0x0000000081400000| Untracked 
|  21|0x0000000081500000, 0x0000000081600000, 0x0000000081600000|100%| O|  |TAMS 0x0000000081600000, 0x0000000081500000| Untracked 
|  22|0x0000000081600000, 0x0000000081700000, 0x0000000081700000|100%| O|  |TAMS 0x0000000081700000, 0x0000000081600000| Untracked 
|  23|0x0000000081700000, 0x0000000081800000, 0x0000000081800000|100%|HS|  |TAMS 0x0000000081800000, 0x0000000081700000| Complete 
|  24|0x0000000081800000, 0x0000000081900000, 0x0000000081900000|100%|HS|  |TAMS 0x0000000081900000, 0x0000000081800000| Complete 
|  25|0x0000000081900000, 0x0000000081a00000, 0x0000000081a00000|100%|HS|  |TAMS 0x0000000081a00000, 0x0000000081900000| Complete 
|  26|0x0000000081a00000, 0x0000000081b00000, 0x0000000081b00000|100%|HC|  |TAMS 0x0000000081b00000, 0x0000000081a00000| Complete 
|  27|0x0000000081b00000, 0x0000000081c00000, 0x0000000081c00000|100%|HC|  |TAMS 0x0000000081c00000, 0x0000000081b00000| Complete 
|  28|0x0000000081c00000, 0x0000000081d00000, 0x0000000081d00000|100%|HS|  |TAMS 0x0000000081d00000, 0x0000000081c00000| Complete 
|  29|0x0000000081d00000, 0x0000000081e00000, 0x0000000081e00000|100%|HC|  |TAMS 0x0000000081e00000, 0x0000000081d00000| Complete 
|  30|0x0000000081e00000, 0x0000000081f00000, 0x0000000081f00000|100%| O|  |TAMS 0x0000000081f00000, 0x0000000081e00000| Untracked 
|  31|0x0000000081f00000, 0x0000000082000000, 0x0000000082000000|100%| O|  |TAMS 0x0000000082000000, 0x0000000081f00000| Untracked 
|  32|0x0000000082000000, 0x0000000082100000, 0x0000000082100000|100%| O|  |TAMS 0x0000000082100000, 0x0000000082000000| Untracked 
|  33|0x0000000082100000, 0x0000000082200000, 0x0000000082200000|100%| O|  |TAMS 0x0000000082200000, 0x0000000082100000| Untracked 
|  34|0x0000000082200000, 0x0000000082300000, 0x0000000082300000|100%| O|  |TAMS 0x0000000082300000, 0x0000000082200000| Untracked 
|  35|0x0000000082300000, 0x0000000082400000, 0x0000000082400000|100%| O|  |TAMS 0x0000000082400000, 0x0000000082300000| Untracked 
|  36|0x0000000082400000, 0x0000000082500000, 0x0000000082500000|100%| O|  |TAMS 0x0000000082500000, 0x0000000082400000| Untracked 
|  37|0x0000000082500000, 0x0000000082600000, 0x0000000082600000|100%| O|  |TAMS 0x0000000082600000, 0x0000000082500000| Untracked 
|  38|0x0000000082600000, 0x0000000082700000, 0x0000000082700000|100%| O|  |TAMS 0x0000000082700000, 0x0000000082600000| Untracked 
|  39|0x0000000082700000, 0x0000000082800000, 0x0000000082800000|100%| O|  |TAMS 0x0000000082800000, 0x0000000082700000| Untracked 
|  40|0x0000000082800000, 0x0000000082900000, 0x0000000082900000|100%| O|  |TAMS 0x0000000082900000, 0x0000000082800000| Untracked 
|  41|0x0000000082900000, 0x0000000082a00000, 0x0000000082a00000|100%| O|  |TAMS 0x0000000082a00000, 0x0000000082900000| Untracked 
|  42|0x0000000082a00000, 0x0000000082b00000, 0x0000000082b00000|100%| O|  |TAMS 0x0000000082b00000, 0x0000000082a00000| Untracked 
|  43|0x0000000082b00000, 0x0000000082c00000, 0x0000000082c00000|100%| O|  |TAMS 0x0000000082c00000, 0x0000000082b00000| Untracked 
|  44|0x0000000082c00000, 0x0000000082d00000, 0x0000000082d00000|100%| O|  |TAMS 0x0000000082d00000, 0x0000000082c00000| Untracked 
|  45|0x0000000082d00000, 0x0000000082e00000, 0x0000000082e00000|100%| O|  |TAMS 0x0000000082e00000, 0x0000000082d00000| Untracked 
|  46|0x0000000082e00000, 0x0000000082f00000, 0x0000000082f00000|100%| O|  |TAMS 0x0000000082f00000, 0x0000000082e00000| Untracked 
|  47|0x0000000082f00000, 0x0000000083000000, 0x0000000083000000|100%| O|  |TAMS 0x0000000083000000, 0x0000000082f00000| Untracked 
|  48|0x0000000083000000, 0x0000000083100000, 0x0000000083100000|100%|HS|  |TAMS 0x0000000083100000, 0x0000000083000000| Complete 
|  49|0x0000000083100000, 0x0000000083200000, 0x0000000083200000|100%| O|  |TAMS 0x0000000083200000, 0x0000000083100000| Untracked 
|  50|0x0000000083200000, 0x0000000083300000, 0x0000000083300000|100%| O|  |TAMS 0x0000000083300000, 0x0000000083200000| Untracked 
|  51|0x0000000083300000, 0x0000000083400000, 0x0000000083400000|100%| O|  |TAMS 0x0000000083400000, 0x0000000083300000| Untracked 
|  52|0x0000000083400000, 0x0000000083500000, 0x0000000083500000|100%| O|  |TAMS 0x0000000083500000, 0x0000000083400000| Untracked 
|  53|0x0000000083500000, 0x0000000083600000, 0x0000000083600000|100%| O|  |TAMS 0x0000000083600000, 0x0000000083500000| Untracked 
|  54|0x0000000083600000, 0x0000000083700000, 0x0000000083700000|100%| O|  |TAMS 0x0000000083700000, 0x0000000083600000| Untracked 
|  55|0x0000000083700000, 0x0000000083800000, 0x0000000083800000|100%| O|  |TAMS 0x0000000083800000, 0x0000000083700000| Untracked 
|  56|0x0000000083800000, 0x0000000083900000, 0x0000000083900000|100%| O|  |TAMS 0x0000000083900000, 0x0000000083800000| Untracked 
|  57|0x0000000083900000, 0x0000000083a00000, 0x0000000083a00000|100%| O|  |TAMS 0x0000000083a00000, 0x0000000083900000| Untracked 
|  58|0x0000000083a00000, 0x0000000083b00000, 0x0000000083b00000|100%| O|  |TAMS 0x0000000083b00000, 0x0000000083a00000| Untracked 
|  59|0x0000000083b00000, 0x0000000083c00000, 0x0000000083c00000|100%| O|  |TAMS 0x0000000083c00000, 0x0000000083b00000| Untracked 
|  60|0x0000000083c00000, 0x0000000083d00000, 0x0000000083d00000|100%| O|  |TAMS 0x0000000083d00000, 0x0000000083c00000| Untracked 
|  61|0x0000000083d00000, 0x0000000083e00000, 0x0000000083e00000|100%| O|  |TAMS 0x0000000083e00000, 0x0000000083d00000| Untracked 
|  62|0x0000000083e00000, 0x0000000083f00000, 0x0000000083f00000|100%| O|  |TAMS 0x0000000083f00000, 0x0000000083e00000| Untracked 
|  63|0x0000000083f00000, 0x0000000084000000, 0x0000000084000000|100%| O|  |TAMS 0x0000000084000000, 0x0000000083f00000| Untracked 
|  64|0x0000000084000000, 0x0000000084100000, 0x0000000084100000|100%| O|  |TAMS 0x0000000084100000, 0x0000000084000000| Untracked 
|  65|0x0000000084100000, 0x00000000841ffff8, 0x0000000084200000| 99%| O|  |TAMS 0x00000000841ffff8, 0x0000000084100000| Untracked 
|  66|0x0000000084200000, 0x0000000084300000, 0x0000000084300000|100%| O|  |TAMS 0x0000000084300000, 0x0000000084200000| Untracked 
|  67|0x0000000084300000, 0x0000000084400000, 0x0000000084400000|100%| O|  |TAMS 0x0000000084400000, 0x0000000084300000| Untracked 
|  68|0x0000000084400000, 0x0000000084500000, 0x0000000084500000|100%| O|  |TAMS 0x0000000084500000, 0x0000000084400000| Untracked 
|  69|0x0000000084500000, 0x0000000084600000, 0x0000000084600000|100%| O|  |TAMS 0x0000000084600000, 0x0000000084500000| Untracked 
|  70|0x0000000084600000, 0x0000000084700000, 0x0000000084700000|100%| O|  |TAMS 0x0000000084700000, 0x0000000084600000| Untracked 
|  71|0x0000000084700000, 0x0000000084800000, 0x0000000084800000|100%| O|  |TAMS 0x0000000084800000, 0x0000000084700000| Untracked 
|  72|0x0000000084800000, 0x0000000084900000, 0x0000000084900000|100%| O|  |TAMS 0x0000000084900000, 0x0000000084800000| Untracked 
|  73|0x0000000084900000, 0x0000000084a00000, 0x0000000084a00000|100%| O|  |TAMS 0x0000000084a00000, 0x0000000084900000| Untracked 
|  74|0x0000000084a00000, 0x0000000084b00000, 0x0000000084b00000|100%| O|  |TAMS 0x0000000084b00000, 0x0000000084a00000| Untracked 
|  75|0x0000000084b00000, 0x0000000084c00000, 0x0000000084c00000|100%| O|  |TAMS 0x0000000084c00000, 0x0000000084b00000| Untracked 
|  76|0x0000000084c00000, 0x0000000084d00000, 0x0000000084d00000|100%| O|  |TAMS 0x0000000084d00000, 0x0000000084c00000| Untracked 
|  77|0x0000000084d00000, 0x0000000084e00000, 0x0000000084e00000|100%| O|  |TAMS 0x0000000084e00000, 0x0000000084d00000| Untracked 
|  78|0x0000000084e00000, 0x0000000084f00000, 0x0000000084f00000|100%| O|  |TAMS 0x0000000084f00000, 0x0000000084e00000| Untracked 
|  79|0x0000000084f00000, 0x0000000085000000, 0x0000000085000000|100%| O|  |TAMS 0x0000000085000000, 0x0000000084f00000| Untracked 
|  80|0x0000000085000000, 0x0000000085100000, 0x0000000085100000|100%| O|  |TAMS 0x0000000085100000, 0x0000000085000000| Untracked 
|  81|0x0000000085100000, 0x0000000085200000, 0x0000000085200000|100%| O|  |TAMS 0x0000000085200000, 0x0000000085100000| Untracked 
|  82|0x0000000085200000, 0x0000000085300000, 0x0000000085300000|100%| O|  |TAMS 0x0000000085300000, 0x0000000085200000| Untracked 
|  83|0x0000000085300000, 0x0000000085400000, 0x0000000085400000|100%| O|  |TAMS 0x0000000085400000, 0x0000000085300000| Untracked 
|  84|0x0000000085400000, 0x0000000085500000, 0x0000000085500000|100%| O|  |TAMS 0x0000000085500000, 0x0000000085400000| Untracked 
|  85|0x0000000085500000, 0x0000000085600000, 0x0000000085600000|100%| O|  |TAMS 0x0000000085600000, 0x0000000085500000| Untracked 
|  86|0x0000000085600000, 0x0000000085700000, 0x0000000085700000|100%| O|  |TAMS 0x0000000085700000, 0x0000000085600000| Untracked 
|  87|0x0000000085700000, 0x0000000085800000, 0x0000000085800000|100%| O|  |TAMS 0x0000000085800000, 0x0000000085700000| Untracked 
|  88|0x0000000085800000, 0x0000000085900000, 0x0000000085900000|100%| O|  |TAMS 0x0000000085900000, 0x0000000085800000| Untracked 
|  89|0x0000000085900000, 0x0000000085a00000, 0x0000000085a00000|100%| O|  |TAMS 0x0000000085a00000, 0x0000000085900000| Untracked 
|  90|0x0000000085a00000, 0x0000000085b00000, 0x0000000085b00000|100%| O|  |TAMS 0x0000000085b00000, 0x0000000085a00000| Untracked 
|  91|0x0000000085b00000, 0x0000000085c00000, 0x0000000085c00000|100%| O|  |TAMS 0x0000000085c00000, 0x0000000085b00000| Untracked 
|  92|0x0000000085c00000, 0x0000000085d00000, 0x0000000085d00000|100%| O|  |TAMS 0x0000000085d00000, 0x0000000085c00000| Untracked 
|  93|0x0000000085d00000, 0x0000000085e00000, 0x0000000085e00000|100%| O|  |TAMS 0x0000000085e00000, 0x0000000085d00000| Untracked 
|  94|0x0000000085e00000, 0x0000000085f00000, 0x0000000085f00000|100%| O|  |TAMS 0x0000000085f00000, 0x0000000085e00000| Untracked 
|  95|0x0000000085f00000, 0x0000000086000000, 0x0000000086000000|100%| O|  |TAMS 0x0000000086000000, 0x0000000085f00000| Untracked 
|  96|0x0000000086000000, 0x0000000086100000, 0x0000000086100000|100%| O|  |TAMS 0x0000000086100000, 0x0000000086000000| Untracked 
|  97|0x0000000086100000, 0x0000000086200000, 0x0000000086200000|100%| O|  |TAMS 0x0000000086200000, 0x0000000086100000| Untracked 
|  98|0x0000000086200000, 0x0000000086300000, 0x0000000086300000|100%| O|  |TAMS 0x0000000086300000, 0x0000000086200000| Untracked 
|  99|0x0000000086300000, 0x0000000086400000, 0x0000000086400000|100%| O|  |TAMS 0x0000000086400000, 0x0000000086300000| Untracked 
| 100|0x0000000086400000, 0x0000000086500000, 0x0000000086500000|100%| O|  |TAMS 0x0000000086500000, 0x0000000086400000| Untracked 
| 101|0x0000000086500000, 0x0000000086600000, 0x0000000086600000|100%| O|  |TAMS 0x0000000086600000, 0x0000000086500000| Untracked 
| 102|0x0000000086600000, 0x0000000086700000, 0x0000000086700000|100%|HS|  |TAMS 0x0000000086700000, 0x0000000086600000| Complete 
| 103|0x0000000086700000, 0x0000000086800000, 0x0000000086800000|100%|HC|  |TAMS 0x0000000086800000, 0x0000000086700000| Complete 
| 104|0x0000000086800000, 0x0000000086900000, 0x0000000086900000|100%|HC|  |TAMS 0x0000000086900000, 0x0000000086800000| Complete 
| 105|0x0000000086900000, 0x00000000869ffff8, 0x0000000086a00000| 99%| O|  |TAMS 0x00000000869ffff8, 0x0000000086900000| Untracked 
| 106|0x0000000086a00000, 0x0000000086b00000, 0x0000000086b00000|100%| O|  |TAMS 0x0000000086b00000, 0x0000000086a00000| Untracked 
| 107|0x0000000086b00000, 0x0000000086c00000, 0x0000000086c00000|100%| O|  |TAMS 0x0000000086c00000, 0x0000000086b00000| Untracked 
| 108|0x0000000086c00000, 0x0000000086d00000, 0x0000000086d00000|100%| O|  |TAMS 0x0000000086d00000, 0x0000000086c00000| Untracked 
| 109|0x0000000086d00000, 0x0000000086e00000, 0x0000000086e00000|100%| O|  |TAMS 0x0000000086e00000, 0x0000000086d00000| Untracked 
| 110|0x0000000086e00000, 0x0000000086f00000, 0x0000000086f00000|100%| O|  |TAMS 0x0000000086f00000, 0x0000000086e00000| Untracked 
| 111|0x0000000086f00000, 0x0000000087000000, 0x0000000087000000|100%| O|  |TAMS 0x0000000087000000, 0x0000000086f00000| Untracked 
| 112|0x0000000087000000, 0x0000000087100000, 0x0000000087100000|100%| O|  |TAMS 0x0000000087100000, 0x0000000087000000| Untracked 
| 113|0x0000000087100000, 0x0000000087200000, 0x0000000087200000|100%| O|  |TAMS 0x0000000087200000, 0x0000000087100000| Untracked 
| 114|0x0000000087200000, 0x0000000087300000, 0x0000000087300000|100%| O|  |TAMS 0x0000000087300000, 0x0000000087200000| Untracked 
| 115|0x0000000087300000, 0x0000000087400000, 0x0000000087400000|100%| O|  |TAMS 0x0000000087400000, 0x0000000087300000| Untracked 
| 116|0x0000000087400000, 0x0000000087500000, 0x0000000087500000|100%| O|  |TAMS 0x0000000087500000, 0x0000000087400000| Untracked 
| 117|0x0000000087500000, 0x0000000087600000, 0x0000000087600000|100%| O|  |TAMS 0x0000000087500000, 0x0000000087500000| Untracked 
| 118|0x0000000087600000, 0x0000000087700000, 0x0000000087700000|100%| O|  |TAMS 0x0000000087700000, 0x0000000087600000| Untracked 
| 119|0x0000000087700000, 0x0000000087800000, 0x0000000087800000|100%| O|  |TAMS 0x0000000087800000, 0x0000000087700000| Untracked 
| 120|0x0000000087800000, 0x0000000087900000, 0x0000000087900000|100%| O|  |TAMS 0x0000000087900000, 0x0000000087800000| Untracked 
| 121|0x0000000087900000, 0x0000000087a00000, 0x0000000087a00000|100%| O|  |TAMS 0x0000000087a00000, 0x0000000087900000| Untracked 
| 122|0x0000000087a00000, 0x0000000087b00000, 0x0000000087b00000|100%| O|  |TAMS 0x0000000087b00000, 0x0000000087a00000| Untracked 
| 123|0x0000000087b00000, 0x0000000087c00000, 0x0000000087c00000|100%| O|  |TAMS 0x0000000087c00000, 0x0000000087b00000| Untracked 
| 124|0x0000000087c00000, 0x0000000087d00000, 0x0000000087d00000|100%| O|  |TAMS 0x0000000087d00000, 0x0000000087c00000| Untracked 
| 125|0x0000000087d00000, 0x0000000087e00000, 0x0000000087e00000|100%| O|  |TAMS 0x0000000087e00000, 0x0000000087d00000| Untracked 
| 126|0x0000000087e00000, 0x0000000087f00000, 0x0000000087f00000|100%| O|  |TAMS 0x0000000087f00000, 0x0000000087e00000| Untracked 
| 127|0x0000000087f00000, 0x0000000088000000, 0x0000000088000000|100%| O|  |TAMS 0x0000000088000000, 0x0000000087f00000| Untracked 
| 128|0x0000000088000000, 0x0000000088100000, 0x0000000088100000|100%| O|  |TAMS 0x0000000088100000, 0x0000000088000000| Untracked 
| 129|0x0000000088100000, 0x0000000088200000, 0x0000000088200000|100%| O|  |TAMS 0x0000000088200000, 0x0000000088100000| Untracked 
| 130|0x0000000088200000, 0x0000000088300000, 0x0000000088300000|100%| O|  |TAMS 0x0000000088300000, 0x0000000088200000| Untracked 
| 131|0x0000000088300000, 0x0000000088400000, 0x0000000088400000|100%| O|  |TAMS 0x0000000088400000, 0x0000000088300000| Untracked 
| 132|0x0000000088400000, 0x0000000088500000, 0x0000000088500000|100%| O|  |TAMS 0x0000000088500000, 0x0000000088400000| Untracked 
| 133|0x0000000088500000, 0x0000000088600000, 0x0000000088600000|100%| O|  |TAMS 0x0000000088600000, 0x0000000088500000| Untracked 
| 134|0x0000000088600000, 0x0000000088700000, 0x0000000088700000|100%| O|  |TAMS 0x0000000088700000, 0x0000000088600000| Untracked 
| 135|0x0000000088700000, 0x0000000088800000, 0x0000000088800000|100%| O|  |TAMS 0x0000000088800000, 0x0000000088700000| Untracked 
| 136|0x0000000088800000, 0x0000000088900000, 0x0000000088900000|100%| O|  |TAMS 0x0000000088900000, 0x0000000088800000| Untracked 
| 137|0x0000000088900000, 0x0000000088a00000, 0x0000000088a00000|100%| O|  |TAMS 0x0000000088a00000, 0x0000000088900000| Untracked 
| 138|0x0000000088a00000, 0x0000000088b00000, 0x0000000088b00000|100%| O|  |TAMS 0x0000000088b00000, 0x0000000088a00000| Untracked 
| 139|0x0000000088b00000, 0x0000000088c00000, 0x0000000088c00000|100%| O|  |TAMS 0x0000000088c00000, 0x0000000088b00000| Untracked 
| 140|0x0000000088c00000, 0x0000000088d00000, 0x0000000088d00000|100%| O|  |TAMS 0x0000000088d00000, 0x0000000088c00000| Untracked 
| 141|0x0000000088d00000, 0x0000000088e00000, 0x0000000088e00000|100%| O|  |TAMS 0x0000000088e00000, 0x0000000088d00000| Untracked 
| 142|0x0000000088e00000, 0x0000000088f00000, 0x0000000088f00000|100%| O|  |TAMS 0x0000000088f00000, 0x0000000088e00000| Untracked 
| 143|0x0000000088f00000, 0x0000000089000000, 0x0000000089000000|100%| O|  |TAMS 0x0000000089000000, 0x0000000088f00000| Untracked 
| 144|0x0000000089000000, 0x0000000089100000, 0x0000000089100000|100%| O|  |TAMS 0x0000000089100000, 0x0000000089000000| Untracked 
| 145|0x0000000089100000, 0x0000000089200000, 0x0000000089200000|100%| O|  |TAMS 0x0000000089200000, 0x0000000089100000| Untracked 
| 146|0x0000000089200000, 0x0000000089300000, 0x0000000089300000|100%| O|  |TAMS 0x0000000089300000, 0x0000000089200000| Untracked 
| 147|0x0000000089300000, 0x0000000089400000, 0x0000000089400000|100%| O|  |TAMS 0x0000000089400000, 0x0000000089300000| Untracked 
| 148|0x0000000089400000, 0x0000000089500000, 0x0000000089500000|100%| O|  |TAMS 0x0000000089500000, 0x0000000089400000| Untracked 
| 149|0x0000000089500000, 0x0000000089600000, 0x0000000089600000|100%| O|  |TAMS 0x0000000089600000, 0x0000000089500000| Untracked 
| 150|0x0000000089600000, 0x0000000089700000, 0x0000000089700000|100%| O|  |TAMS 0x0000000089700000, 0x0000000089600000| Untracked 
| 151|0x0000000089700000, 0x0000000089800000, 0x0000000089800000|100%| O|  |TAMS 0x0000000089800000, 0x0000000089700000| Untracked 
| 152|0x0000000089800000, 0x0000000089900000, 0x0000000089900000|100%| O|  |TAMS 0x0000000089900000, 0x0000000089800000| Untracked 
| 153|0x0000000089900000, 0x0000000089a00000, 0x0000000089a00000|100%| O|  |TAMS 0x0000000089a00000, 0x0000000089900000| Untracked 
| 154|0x0000000089a00000, 0x0000000089b00000, 0x0000000089b00000|100%| O|  |TAMS 0x0000000089b00000, 0x0000000089a00000| Untracked 
| 155|0x0000000089b00000, 0x0000000089c00000, 0x0000000089c00000|100%| O|  |TAMS 0x0000000089c00000, 0x0000000089b00000| Untracked 
| 156|0x0000000089c00000, 0x0000000089d00000, 0x0000000089d00000|100%| O|  |TAMS 0x0000000089d00000, 0x0000000089c00000| Untracked 
| 157|0x0000000089d00000, 0x0000000089e00000, 0x0000000089e00000|100%| O|  |TAMS 0x0000000089e00000, 0x0000000089d00000| Untracked 
| 158|0x0000000089e00000, 0x0000000089f00000, 0x0000000089f00000|100%| O|  |TAMS 0x0000000089f00000, 0x0000000089e00000| Untracked 
| 159|0x0000000089f00000, 0x000000008a000000, 0x000000008a000000|100%| O|  |TAMS 0x000000008a000000, 0x0000000089f00000| Untracked 
| 160|0x000000008a000000, 0x000000008a100000, 0x000000008a100000|100%| O|  |TAMS 0x000000008a100000, 0x000000008a000000| Untracked 
| 161|0x000000008a100000, 0x000000008a200000, 0x000000008a200000|100%| O|  |TAMS 0x000000008a200000, 0x000000008a100000| Untracked 
| 162|0x000000008a200000, 0x000000008a300000, 0x000000008a300000|100%| O|  |TAMS 0x000000008a300000, 0x000000008a200000| Untracked 
| 163|0x000000008a300000, 0x000000008a400000, 0x000000008a400000|100%| O|  |TAMS 0x000000008a400000, 0x000000008a300000| Untracked 
| 164|0x000000008a400000, 0x000000008a500000, 0x000000008a500000|100%| O|  |TAMS 0x000000008a500000, 0x000000008a400000| Untracked 
| 165|0x000000008a500000, 0x000000008a600000, 0x000000008a600000|100%| O|  |TAMS 0x000000008a600000, 0x000000008a500000| Untracked 
| 166|0x000000008a600000, 0x000000008a700000, 0x000000008a700000|100%| O|  |TAMS 0x000000008a700000, 0x000000008a600000| Untracked 
| 167|0x000000008a700000, 0x000000008a800000, 0x000000008a800000|100%| O|  |TAMS 0x000000008a800000, 0x000000008a700000| Untracked 
| 168|0x000000008a800000, 0x000000008a900000, 0x000000008a900000|100%| O|  |TAMS 0x000000008a900000, 0x000000008a800000| Untracked 
| 169|0x000000008a900000, 0x000000008aa00000, 0x000000008aa00000|100%| O|  |TAMS 0x000000008aa00000, 0x000000008a900000| Untracked 
| 170|0x000000008aa00000, 0x000000008ab00000, 0x000000008ab00000|100%| O|  |TAMS 0x000000008ab00000, 0x000000008aa00000| Untracked 
| 171|0x000000008ab00000, 0x000000008ac00000, 0x000000008ac00000|100%| O|  |TAMS 0x000000008ab00000, 0x000000008ab00000| Untracked 
| 172|0x000000008ac00000, 0x000000008ad00000, 0x000000008ad00000|100%| O|  |TAMS 0x000000008ad00000, 0x000000008ac00000| Untracked 
| 173|0x000000008ad00000, 0x000000008ae00000, 0x000000008ae00000|100%| O|  |TAMS 0x000000008ae00000, 0x000000008ad00000| Untracked 
| 174|0x000000008ae00000, 0x000000008af00000, 0x000000008af00000|100%| O|  |TAMS 0x000000008af00000, 0x000000008ae00000| Untracked 
| 175|0x000000008af00000, 0x000000008b000000, 0x000000008b000000|100%| O|  |TAMS 0x000000008b000000, 0x000000008af00000| Untracked 
| 176|0x000000008b000000, 0x000000008b100000, 0x000000008b100000|100%| O|  |TAMS 0x000000008b100000, 0x000000008b000000| Untracked 
| 177|0x000000008b100000, 0x000000008b200000, 0x000000008b200000|100%| O|  |TAMS 0x000000008b200000, 0x000000008b100000| Untracked 
| 178|0x000000008b200000, 0x000000008b300000, 0x000000008b300000|100%| O|  |TAMS 0x000000008b300000, 0x000000008b200000| Untracked 
| 179|0x000000008b300000, 0x000000008b400000, 0x000000008b400000|100%| O|  |TAMS 0x000000008b363c00, 0x000000008b300000| Untracked 
| 180|0x000000008b400000, 0x000000008b500000, 0x000000008b500000|100%| O|  |TAMS 0x000000008b400000, 0x000000008b400000| Untracked 
| 181|0x000000008b500000, 0x000000008b600000, 0x000000008b600000|100%| O|  |TAMS 0x000000008b500000, 0x000000008b500000| Untracked 
| 182|0x000000008b600000, 0x000000008b700000, 0x000000008b700000|100%| O|  |TAMS 0x000000008b600000, 0x000000008b600000| Untracked 
| 183|0x000000008b700000, 0x000000008b800000, 0x000000008b800000|100%| O|  |TAMS 0x000000008b700000, 0x000000008b700000| Untracked 
| 184|0x000000008b800000, 0x000000008b900000, 0x000000008b900000|100%| O|  |TAMS 0x000000008b800000, 0x000000008b800000| Untracked 
| 185|0x000000008b900000, 0x000000008ba00000, 0x000000008ba00000|100%| O|  |TAMS 0x000000008b900000, 0x000000008b900000| Untracked 
| 186|0x000000008ba00000, 0x000000008bb00000, 0x000000008bb00000|100%| O|  |TAMS 0x000000008ba00000, 0x000000008ba00000| Untracked 
| 187|0x000000008bb00000, 0x000000008bc00000, 0x000000008bc00000|100%| O|  |TAMS 0x000000008bb00000, 0x000000008bb00000| Untracked 
| 188|0x000000008bc00000, 0x000000008bd00000, 0x000000008bd00000|100%| O|  |TAMS 0x000000008bc00000, 0x000000008bc00000| Untracked 
| 189|0x000000008bd00000, 0x000000008be00000, 0x000000008be00000|100%| O|  |TAMS 0x000000008bd00000, 0x000000008bd00000| Untracked 
| 190|0x000000008be00000, 0x000000008bf00000, 0x000000008bf00000|100%| O|  |TAMS 0x000000008be00000, 0x000000008be00000| Untracked 
| 191|0x000000008bf00000, 0x000000008c000000, 0x000000008c000000|100%| O|  |TAMS 0x000000008bf00000, 0x000000008bf00000| Untracked 
| 192|0x000000008c000000, 0x000000008c100000, 0x000000008c100000|100%| O|  |TAMS 0x000000008c000000, 0x000000008c000000| Untracked 
| 193|0x000000008c100000, 0x000000008c200000, 0x000000008c200000|100%| O|  |TAMS 0x000000008c100000, 0x000000008c100000| Untracked 
| 194|0x000000008c200000, 0x000000008c300000, 0x000000008c300000|100%| O|  |TAMS 0x000000008c200000, 0x000000008c200000| Untracked 
| 195|0x000000008c300000, 0x000000008c400000, 0x000000008c400000|100%| O|  |TAMS 0x000000008c300000, 0x000000008c300000| Untracked 
| 196|0x000000008c400000, 0x000000008c500000, 0x000000008c500000|100%| O|  |TAMS 0x000000008c400000, 0x000000008c400000| Untracked 
| 197|0x000000008c500000, 0x000000008c547a00, 0x000000008c600000| 27%| O|  |TAMS 0x000000008c500000, 0x000000008c500000| Untracked 
| 198|0x000000008c600000, 0x000000008c600000, 0x000000008c700000|  0%| F|  |TAMS 0x000000008c600000, 0x000000008c600000| Untracked 
| 199|0x000000008c700000, 0x000000008c700000, 0x000000008c800000|  0%| F|  |TAMS 0x000000008c700000, 0x000000008c700000| Untracked 
| 200|0x000000008c800000, 0x000000008c800000, 0x000000008c900000|  0%| F|  |TAMS 0x000000008c800000, 0x000000008c800000| Untracked 
| 201|0x000000008c900000, 0x000000008c900000, 0x000000008ca00000|  0%| F|  |TAMS 0x000000008c900000, 0x000000008c900000| Untracked 
| 202|0x000000008ca00000, 0x000000008ca00000, 0x000000008cb00000|  0%| F|  |TAMS 0x000000008ca00000, 0x000000008ca00000| Untracked 
| 203|0x000000008cb00000, 0x000000008cb00000, 0x000000008cc00000|  0%| F|  |TAMS 0x000000008cb00000, 0x000000008cb00000| Untracked 
| 204|0x000000008cc00000, 0x000000008cc00000, 0x000000008cd00000|  0%| F|  |TAMS 0x000000008cc00000, 0x000000008cc00000| Untracked 
| 205|0x000000008cd00000, 0x000000008cd00000, 0x000000008ce00000|  0%| F|  |TAMS 0x000000008cd00000, 0x000000008cd00000| Untracked 
| 206|0x000000008ce00000, 0x000000008ce00000, 0x000000008cf00000|  0%| F|  |TAMS 0x000000008ce00000, 0x000000008ce00000| Untracked 
| 207|0x000000008cf00000, 0x000000008cf00000, 0x000000008d000000|  0%| F|  |TAMS 0x000000008cf00000, 0x000000008cf00000| Untracked 
| 208|0x000000008d000000, 0x000000008d000000, 0x000000008d100000|  0%| F|  |TAMS 0x000000008d000000, 0x000000008d000000| Untracked 
| 209|0x000000008d100000, 0x000000008d100000, 0x000000008d200000|  0%| F|  |TAMS 0x000000008d100000, 0x000000008d100000| Untracked 
| 210|0x000000008d200000, 0x000000008d200000, 0x000000008d300000|  0%| F|  |TAMS 0x000000008d200000, 0x000000008d200000| Untracked 
| 211|0x000000008d300000, 0x000000008d300000, 0x000000008d400000|  0%| F|  |TAMS 0x000000008d300000, 0x000000008d300000| Untracked 
| 212|0x000000008d400000, 0x000000008d400000, 0x000000008d500000|  0%| F|  |TAMS 0x000000008d400000, 0x000000008d400000| Untracked 
| 213|0x000000008d500000, 0x000000008d500000, 0x000000008d600000|  0%| F|  |TAMS 0x000000008d500000, 0x000000008d500000| Untracked 
| 214|0x000000008d600000, 0x000000008d600000, 0x000000008d700000|  0%| F|  |TAMS 0x000000008d600000, 0x000000008d600000| Untracked 
| 215|0x000000008d700000, 0x000000008d700000, 0x000000008d800000|  0%| F|  |TAMS 0x000000008d700000, 0x000000008d700000| Untracked 
| 216|0x000000008d800000, 0x000000008d800000, 0x000000008d900000|  0%| F|  |TAMS 0x000000008d800000, 0x000000008d800000| Untracked 
| 217|0x000000008d900000, 0x000000008d900000, 0x000000008da00000|  0%| F|  |TAMS 0x000000008d900000, 0x000000008d900000| Untracked 
| 218|0x000000008da00000, 0x000000008da00000, 0x000000008db00000|  0%| F|  |TAMS 0x000000008da00000, 0x000000008da00000| Untracked 
| 219|0x000000008db00000, 0x000000008db00000, 0x000000008dc00000|  0%| F|  |TAMS 0x000000008db00000, 0x000000008db00000| Untracked 
| 220|0x000000008dc00000, 0x000000008dc00000, 0x000000008dd00000|  0%| F|  |TAMS 0x000000008dc00000, 0x000000008dc00000| Untracked 
| 221|0x000000008dd00000, 0x000000008dd00000, 0x000000008de00000|  0%| F|  |TAMS 0x000000008dd00000, 0x000000008dd00000| Untracked 
| 222|0x000000008de00000, 0x000000008de00000, 0x000000008df00000|  0%| F|  |TAMS 0x000000008de00000, 0x000000008de00000| Untracked 
| 223|0x000000008df00000, 0x000000008df00000, 0x000000008e000000|  0%| F|  |TAMS 0x000000008df00000, 0x000000008df00000| Untracked 
| 224|0x000000008e000000, 0x000000008e000000, 0x000000008e100000|  0%| F|  |TAMS 0x000000008e000000, 0x000000008e000000| Untracked 
| 225|0x000000008e100000, 0x000000008e100000, 0x000000008e200000|  0%| F|  |TAMS 0x000000008e100000, 0x000000008e100000| Untracked 
| 226|0x000000008e200000, 0x000000008e200000, 0x000000008e300000|  0%| F|  |TAMS 0x000000008e200000, 0x000000008e200000| Untracked 
| 227|0x000000008e300000, 0x000000008e300000, 0x000000008e400000|  0%| F|  |TAMS 0x000000008e300000, 0x000000008e300000| Untracked 
| 228|0x000000008e400000, 0x000000008e400000, 0x000000008e500000|  0%| F|  |TAMS 0x000000008e400000, 0x000000008e400000| Untracked 
| 229|0x000000008e500000, 0x000000008e500000, 0x000000008e600000|  0%| F|  |TAMS 0x000000008e500000, 0x000000008e500000| Untracked 
| 230|0x000000008e600000, 0x000000008e600000, 0x000000008e700000|  0%| F|  |TAMS 0x000000008e600000, 0x000000008e600000| Untracked 
| 231|0x000000008e700000, 0x000000008e700000, 0x000000008e800000|  0%| F|  |TAMS 0x000000008e700000, 0x000000008e700000| Untracked 
| 232|0x000000008e800000, 0x000000008e800000, 0x000000008e900000|  0%| F|  |TAMS 0x000000008e800000, 0x000000008e800000| Untracked 
| 233|0x000000008e900000, 0x000000008e900000, 0x000000008ea00000|  0%| F|  |TAMS 0x000000008e900000, 0x000000008e900000| Untracked 
| 234|0x000000008ea00000, 0x000000008ea00000, 0x000000008eb00000|  0%| F|  |TAMS 0x000000008ea00000, 0x000000008ea00000| Untracked 
| 235|0x000000008eb00000, 0x000000008eb00000, 0x000000008ec00000|  0%| F|  |TAMS 0x000000008eb00000, 0x000000008eb00000| Untracked 
| 236|0x000000008ec00000, 0x000000008ec00000, 0x000000008ed00000|  0%| F|  |TAMS 0x000000008ec00000, 0x000000008ec00000| Untracked 
| 237|0x000000008ed00000, 0x000000008ed00000, 0x000000008ee00000|  0%| F|  |TAMS 0x000000008ed00000, 0x000000008ed00000| Untracked 
| 238|0x000000008ee00000, 0x000000008ee00000, 0x000000008ef00000|  0%| F|  |TAMS 0x000000008ee00000, 0x000000008ee00000| Untracked 
| 239|0x000000008ef00000, 0x000000008ef00000, 0x000000008f000000|  0%| F|  |TAMS 0x000000008ef00000, 0x000000008ef00000| Untracked 
| 240|0x000000008f000000, 0x000000008f000000, 0x000000008f100000|  0%| F|  |TAMS 0x000000008f000000, 0x000000008f000000| Untracked 
| 241|0x000000008f100000, 0x000000008f100000, 0x000000008f200000|  0%| F|  |TAMS 0x000000008f100000, 0x000000008f100000| Untracked 
| 242|0x000000008f200000, 0x000000008f200000, 0x000000008f300000|  0%| F|  |TAMS 0x000000008f200000, 0x000000008f200000| Untracked 
| 243|0x000000008f300000, 0x000000008f3cd290, 0x000000008f400000| 80%| S|CS|TAMS 0x000000008f300000, 0x000000008f300000| Complete 
| 244|0x000000008f400000, 0x000000008f500000, 0x000000008f500000|100%| S|CS|TAMS 0x000000008f400000, 0x000000008f400000| Complete 
| 245|0x000000008f500000, 0x000000008f500000, 0x000000008f600000|  0%| F|  |TAMS 0x000000008f500000, 0x000000008f500000| Untracked 
| 246|0x000000008f600000, 0x000000008f600000, 0x000000008f700000|  0%| F|  |TAMS 0x000000008f600000, 0x000000008f600000| Untracked 
| 247|0x000000008f700000, 0x000000008f700000, 0x000000008f800000|  0%| F|  |TAMS 0x000000008f700000, 0x000000008f700000| Untracked 
| 248|0x000000008f800000, 0x000000008f800000, 0x000000008f900000|  0%| F|  |TAMS 0x000000008f800000, 0x000000008f800000| Untracked 
| 249|0x000000008f900000, 0x000000008f900000, 0x000000008fa00000|  0%| F|  |TAMS 0x000000008f900000, 0x000000008f900000| Untracked 
| 250|0x000000008fa00000, 0x000000008fa00000, 0x000000008fb00000|  0%| F|  |TAMS 0x000000008fa00000, 0x000000008fa00000| Untracked 
| 251|0x000000008fb00000, 0x000000008fb00000, 0x000000008fc00000|  0%| F|  |TAMS 0x000000008fb00000, 0x000000008fb00000| Untracked 
| 252|0x000000008fc00000, 0x000000008fc00000, 0x000000008fd00000|  0%| F|  |TAMS 0x000000008fc00000, 0x000000008fc00000| Untracked 
| 253|0x000000008fd00000, 0x000000008fd00000, 0x000000008fe00000|  0%| F|  |TAMS 0x000000008fd00000, 0x000000008fd00000| Untracked 
| 254|0x000000008fe00000, 0x000000008fe00000, 0x000000008ff00000|  0%| F|  |TAMS 0x000000008fe00000, 0x000000008fe00000| Untracked 
| 255|0x000000008ff00000, 0x000000008ff00000, 0x0000000090000000|  0%| F|  |TAMS 0x000000008ff00000, 0x000000008ff00000| Untracked 
| 256|0x0000000090000000, 0x0000000090000000, 0x0000000090100000|  0%| F|  |TAMS 0x0000000090000000, 0x0000000090000000| Untracked 
| 257|0x0000000090100000, 0x0000000090100000, 0x0000000090200000|  0%| F|  |TAMS 0x0000000090100000, 0x0000000090100000| Untracked 
| 258|0x0000000090200000, 0x0000000090200000, 0x0000000090300000|  0%| F|  |TAMS 0x0000000090200000, 0x0000000090200000| Untracked 
| 259|0x0000000090300000, 0x0000000090300000, 0x0000000090400000|  0%| F|  |TAMS 0x0000000090300000, 0x0000000090300000| Untracked 
| 260|0x0000000090400000, 0x0000000090400000, 0x0000000090500000|  0%| F|  |TAMS 0x0000000090400000, 0x0000000090400000| Untracked 
| 261|0x0000000090500000, 0x0000000090500000, 0x0000000090600000|  0%| F|  |TAMS 0x0000000090500000, 0x0000000090500000| Untracked 
| 262|0x0000000090600000, 0x0000000090600000, 0x0000000090700000|  0%| F|  |TAMS 0x0000000090600000, 0x0000000090600000| Untracked 
| 263|0x0000000090700000, 0x0000000090700000, 0x0000000090800000|  0%| F|  |TAMS 0x0000000090700000, 0x0000000090700000| Untracked 
| 264|0x0000000090800000, 0x0000000090800000, 0x0000000090900000|  0%| F|  |TAMS 0x0000000090800000, 0x0000000090800000| Untracked 
| 265|0x0000000090900000, 0x0000000090900000, 0x0000000090a00000|  0%| F|  |TAMS 0x0000000090900000, 0x0000000090900000| Untracked 
| 266|0x0000000090a00000, 0x0000000090a00000, 0x0000000090b00000|  0%| F|  |TAMS 0x0000000090a00000, 0x0000000090a00000| Untracked 
| 267|0x0000000090b00000, 0x0000000090b00000, 0x0000000090c00000|  0%| F|  |TAMS 0x0000000090b00000, 0x0000000090b00000| Untracked 
| 268|0x0000000090c00000, 0x0000000090c00000, 0x0000000090d00000|  0%| F|  |TAMS 0x0000000090c00000, 0x0000000090c00000| Untracked 
| 269|0x0000000090d00000, 0x0000000090d00000, 0x0000000090e00000|  0%| F|  |TAMS 0x0000000090d00000, 0x0000000090d00000| Untracked 
| 270|0x0000000090e00000, 0x0000000090e00000, 0x0000000090f00000|  0%| F|  |TAMS 0x0000000090e00000, 0x0000000090e00000| Untracked 
| 271|0x0000000090f00000, 0x0000000090f00000, 0x0000000091000000|  0%| F|  |TAMS 0x0000000090f00000, 0x0000000090f00000| Untracked 
| 272|0x0000000091000000, 0x0000000091000000, 0x0000000091100000|  0%| F|  |TAMS 0x0000000091000000, 0x0000000091000000| Untracked 
| 273|0x0000000091100000, 0x0000000091100000, 0x0000000091200000|  0%| F|  |TAMS 0x0000000091100000, 0x0000000091100000| Untracked 
| 274|0x0000000091200000, 0x0000000091200000, 0x0000000091300000|  0%| F|  |TAMS 0x0000000091200000, 0x0000000091200000| Untracked 
| 275|0x0000000091300000, 0x0000000091300000, 0x0000000091400000|  0%| F|  |TAMS 0x0000000091300000, 0x0000000091300000| Untracked 
| 276|0x0000000091400000, 0x0000000091400000, 0x0000000091500000|  0%| F|  |TAMS 0x0000000091400000, 0x0000000091400000| Untracked 
| 277|0x0000000091500000, 0x0000000091500000, 0x0000000091600000|  0%| F|  |TAMS 0x0000000091500000, 0x0000000091500000| Untracked 
| 278|0x0000000091600000, 0x0000000091600000, 0x0000000091700000|  0%| F|  |TAMS 0x0000000091600000, 0x0000000091600000| Untracked 
| 279|0x0000000091700000, 0x0000000091700000, 0x0000000091800000|  0%| F|  |TAMS 0x0000000091700000, 0x0000000091700000| Untracked 
| 280|0x0000000091800000, 0x0000000091800000, 0x0000000091900000|  0%| F|  |TAMS 0x0000000091800000, 0x0000000091800000| Untracked 
| 281|0x0000000091900000, 0x0000000091900000, 0x0000000091a00000|  0%| F|  |TAMS 0x0000000091900000, 0x0000000091900000| Untracked 
| 282|0x0000000091a00000, 0x0000000091a00000, 0x0000000091b00000|  0%| F|  |TAMS 0x0000000091a00000, 0x0000000091a00000| Untracked 
| 283|0x0000000091b00000, 0x0000000091b00000, 0x0000000091c00000|  0%| F|  |TAMS 0x0000000091b00000, 0x0000000091b00000| Untracked 
| 284|0x0000000091c00000, 0x0000000091c00000, 0x0000000091d00000|  0%| F|  |TAMS 0x0000000091c00000, 0x0000000091c00000| Untracked 
| 285|0x0000000091d00000, 0x0000000091d00000, 0x0000000091e00000|  0%| F|  |TAMS 0x0000000091d00000, 0x0000000091d00000| Untracked 
| 286|0x0000000091e00000, 0x0000000091e00000, 0x0000000091f00000|  0%| F|  |TAMS 0x0000000091e00000, 0x0000000091e00000| Untracked 
| 287|0x0000000091f00000, 0x0000000091f00000, 0x0000000092000000|  0%| F|  |TAMS 0x0000000091f00000, 0x0000000091f00000| Untracked 
| 288|0x0000000092000000, 0x0000000092000000, 0x0000000092100000|  0%| F|  |TAMS 0x0000000092000000, 0x0000000092000000| Untracked 
| 289|0x0000000092100000, 0x0000000092100000, 0x0000000092200000|  0%| F|  |TAMS 0x0000000092100000, 0x0000000092100000| Untracked 
| 290|0x0000000092200000, 0x0000000092200000, 0x0000000092300000|  0%| F|  |TAMS 0x0000000092200000, 0x0000000092200000| Untracked 
| 291|0x0000000092300000, 0x0000000092300000, 0x0000000092400000|  0%| F|  |TAMS 0x0000000092300000, 0x0000000092300000| Untracked 
| 292|0x0000000092400000, 0x0000000092400000, 0x0000000092500000|  0%| F|  |TAMS 0x0000000092400000, 0x0000000092400000| Untracked 
| 293|0x0000000092500000, 0x0000000092500000, 0x0000000092600000|  0%| F|  |TAMS 0x0000000092500000, 0x0000000092500000| Untracked 
| 294|0x0000000092600000, 0x0000000092600000, 0x0000000092700000|  0%| F|  |TAMS 0x0000000092600000, 0x0000000092600000| Untracked 
| 295|0x0000000092700000, 0x0000000092700000, 0x0000000092800000|  0%| F|  |TAMS 0x0000000092700000, 0x0000000092700000| Untracked 
| 296|0x0000000092800000, 0x0000000092800000, 0x0000000092900000|  0%| F|  |TAMS 0x0000000092800000, 0x0000000092800000| Untracked 
| 297|0x0000000092900000, 0x0000000092900000, 0x0000000092a00000|  0%| F|  |TAMS 0x0000000092900000, 0x0000000092900000| Untracked 
| 298|0x0000000092a00000, 0x0000000092a00000, 0x0000000092b00000|  0%| F|  |TAMS 0x0000000092a00000, 0x0000000092a00000| Untracked 
| 299|0x0000000092b00000, 0x0000000092b00000, 0x0000000092c00000|  0%| F|  |TAMS 0x0000000092b00000, 0x0000000092b00000| Untracked 
| 300|0x0000000092c00000, 0x0000000092c00000, 0x0000000092d00000|  0%| F|  |TAMS 0x0000000092c00000, 0x0000000092c00000| Untracked 
| 301|0x0000000092d00000, 0x0000000092d00000, 0x0000000092e00000|  0%| F|  |TAMS 0x0000000092d00000, 0x0000000092d00000| Untracked 
| 302|0x0000000092e00000, 0x0000000092e00000, 0x0000000092f00000|  0%| F|  |TAMS 0x0000000092e00000, 0x0000000092e00000| Untracked 
| 303|0x0000000092f00000, 0x0000000092f00000, 0x0000000093000000|  0%| F|  |TAMS 0x0000000092f00000, 0x0000000092f00000| Untracked 
| 304|0x0000000093000000, 0x0000000093000000, 0x0000000093100000|  0%| F|  |TAMS 0x0000000093000000, 0x0000000093000000| Untracked 
| 305|0x0000000093100000, 0x0000000093100000, 0x0000000093200000|  0%| F|  |TAMS 0x0000000093100000, 0x0000000093100000| Untracked 
| 306|0x0000000093200000, 0x0000000093200000, 0x0000000093300000|  0%| F|  |TAMS 0x0000000093200000, 0x0000000093200000| Untracked 
| 307|0x0000000093300000, 0x0000000093300000, 0x0000000093400000|  0%| F|  |TAMS 0x0000000093300000, 0x0000000093300000| Untracked 
| 308|0x0000000093400000, 0x0000000093400000, 0x0000000093500000|  0%| F|  |TAMS 0x0000000093400000, 0x0000000093400000| Untracked 
| 309|0x0000000093500000, 0x0000000093500000, 0x0000000093600000|  0%| F|  |TAMS 0x0000000093500000, 0x0000000093500000| Untracked 
| 310|0x0000000093600000, 0x0000000093600000, 0x0000000093700000|  0%| F|  |TAMS 0x0000000093600000, 0x0000000093600000| Untracked 
| 311|0x0000000093700000, 0x0000000093700000, 0x0000000093800000|  0%| F|  |TAMS 0x0000000093700000, 0x0000000093700000| Untracked 
| 312|0x0000000093800000, 0x0000000093800000, 0x0000000093900000|  0%| F|  |TAMS 0x0000000093800000, 0x0000000093800000| Untracked 
| 313|0x0000000093900000, 0x0000000093900000, 0x0000000093a00000|  0%| F|  |TAMS 0x0000000093900000, 0x0000000093900000| Untracked 
| 314|0x0000000093a00000, 0x0000000093a00000, 0x0000000093b00000|  0%| F|  |TAMS 0x0000000093a00000, 0x0000000093a00000| Untracked 
| 315|0x0000000093b00000, 0x0000000093b00000, 0x0000000093c00000|  0%| F|  |TAMS 0x0000000093b00000, 0x0000000093b00000| Untracked 
| 316|0x0000000093c00000, 0x0000000093c00000, 0x0000000093d00000|  0%| F|  |TAMS 0x0000000093c00000, 0x0000000093c00000| Untracked 
| 317|0x0000000093d00000, 0x0000000093d00000, 0x0000000093e00000|  0%| F|  |TAMS 0x0000000093d00000, 0x0000000093d00000| Untracked 
| 318|0x0000000093e00000, 0x0000000093e00000, 0x0000000093f00000|  0%| F|  |TAMS 0x0000000093e00000, 0x0000000093e00000| Untracked 
| 319|0x0000000093f00000, 0x0000000093f00000, 0x0000000094000000|  0%| F|  |TAMS 0x0000000093f00000, 0x0000000093f00000| Untracked 
| 320|0x0000000094000000, 0x0000000094000000, 0x0000000094100000|  0%| F|  |TAMS 0x0000000094000000, 0x0000000094000000| Untracked 
| 321|0x0000000094100000, 0x0000000094100000, 0x0000000094200000|  0%| F|  |TAMS 0x0000000094100000, 0x0000000094100000| Untracked 
| 322|0x0000000094200000, 0x0000000094200000, 0x0000000094300000|  0%| F|  |TAMS 0x0000000094200000, 0x0000000094200000| Untracked 
| 323|0x0000000094300000, 0x0000000094300000, 0x0000000094400000|  0%| F|  |TAMS 0x0000000094300000, 0x0000000094300000| Untracked 
| 324|0x0000000094400000, 0x0000000094400000, 0x0000000094500000|  0%| F|  |TAMS 0x0000000094400000, 0x0000000094400000| Untracked 
| 325|0x0000000094500000, 0x0000000094500000, 0x0000000094600000|  0%| F|  |TAMS 0x0000000094500000, 0x0000000094500000| Untracked 

Card table byte_map: [0x000002eaf58f0000,0x000002eaf5cf0000] _byte_map_base: 0x000002eaf54f0000

Marking Bits (Prev, Next): (CMBitMap*) 0x000002eadddd1770, (CMBitMap*) 0x000002eadddd1738
 Prev Bits: [0x000002eaf80f0000, 0x000002eafa0f0000)
 Next Bits: [0x000002eaf60f0000, 0x000002eaf80f0000)

Polling page: 0x000002eadbc60000

Metaspace:

Usage:
  Non-class:    154.39 MB capacity,   151.83 MB ( 98%) used,     2.04 MB (  1%) free+waste,   539.75 KB ( <1%) overhead. 
      Class:     22.98 MB capacity,    21.46 MB ( 93%) used,     1.29 MB (  6%) free+waste,   231.44 KB ( <1%) overhead. 
       Both:    177.37 MB capacity,   173.29 MB ( 98%) used,     3.33 MB (  2%) free+waste,   771.19 KB ( <1%) overhead. 

Virtual space:
  Non-class space:      156.00 MB reserved,     154.58 MB (>99%) committed 
      Class space:        1.00 GB reserved,      23.13 MB (  2%) committed 
             Both:        1.15 GB reserved,     177.70 MB ( 15%) committed 

Chunk freelists:
   Non-Class:  60.00 KB
       Class:  54.00 KB
        Both:  114.00 KB

MaxMetaspaceSize: 17179869184.00 GB
CompressedClassSpaceSize: 1.00 GB
Initial GC threshold: 20.80 MB
Current GC threshold: 293.05 MB
CDS: off

CodeHeap 'non-profiled nmethods': size=120064Kb used=19671Kb max_used=19671Kb free=100392Kb
 bounds [0x000002eaedfb0000, 0x000002eaef2f0000, 0x000002eaf54f0000]
CodeHeap 'profiled nmethods': size=120000Kb used=58467Kb max_used=58467Kb free=61532Kb
 bounds [0x000002eae6a80000, 0x000002eaea3b0000, 0x000002eaedfb0000]
CodeHeap 'non-nmethods': size=5696Kb used=2499Kb max_used=2591Kb free=3196Kb
 bounds [0x000002eae64f0000, 0x000002eae67a0000, 0x000002eae6a80000]
 total_blobs=27017 nmethods=25969 adapters=957
 compilation: enabled
              stopped_count=0, restarted_count=0
 full_count=0

Compilation events (20 events):
Event: 243.395 Thread 0x000002eafc5f8800 30711       2       com.android.tools.r8.internal.t1::d (10 bytes)
Event: 243.396 Thread 0x000002eafc5f8800 nmethod 30711 0x000002eaea394e90 code [0x000002eaea395040, 0x000002eaea3951c8]
Event: 243.396 Thread 0x000002eafc5f8800 30712       2       com.android.tools.r8.code.e::<init> (7 bytes)
Event: 243.396 Thread 0x000002eafc5f8800 nmethod 30712 0x000002eaea395290 code [0x000002eaea395440, 0x000002eaea395548]
Event: 243.404 Thread 0x000002eafc5f8800 30714       2       com.android.tools.r8.internal.zV::F0 (2 bytes)
Event: 243.404 Thread 0x000002eafc5f8800 nmethod 30714 0x000002eaea395610 code [0x000002eaea3957c0, 0x000002eaea3958b8]
Event: 243.441 Thread 0x000002eafc5f8800 30715       1       org.gradle.cache.internal.DefaultFileLockManager::access$200 (5 bytes)
Event: 243.441 Thread 0x000002eafc5f8800 nmethod 30715 0x000002eaef2e5c10 code [0x000002eaef2e5dc0, 0x000002eaef2e5e58]
Event: 243.444 Thread 0x000002eafc5f8800 30716       2       org.gradle.internal.serialize.InputStreamBackedDecoder::readBoolean (8 bytes)
Event: 243.445 Thread 0x000002eafc5f8800 nmethod 30716 0x000002eaea395990 code [0x000002eaea395b60, 0x000002eaea395d38]
Event: 243.445 Thread 0x000002eafc5f8800 30717       2       java.io.DataInputStream::readBoolean (30 bytes)
Event: 243.445 Thread 0x000002eafc5f8800 nmethod 30717 0x000002eaea395e90 code [0x000002eaea396060, 0x000002eaea396218]
Event: 243.478 Thread 0x000002eafc5f8800 30719       2       com.android.tools.r8.ir.regalloc.b::a (189 bytes)
Event: 243.481 Thread 0x000002eafc5f8800 nmethod 30719 0x000002eaea396310 code [0x000002eaea396700, 0x000002eaea397508]
Event: 243.520 Thread 0x000002eafc5f8800 30721       3       com.android.tools.r8.internal.nf::a (519 bytes)
Event: 243.530 Thread 0x000002eafc5f8800 nmethod 30721 0x000002eaea397e10 code [0x000002eaea3987c0, 0x000002eaea39f308]
Event: 243.606 Thread 0x000002eafc5f8800 30725       2       com.android.tools.r8.internal.Rc::b (111 bytes)
Event: 243.607 Thread 0x000002eafc5f8800 nmethod 30725 0x000002eaea3a1b10 code [0x000002eaea3a1d40, 0x000002eaea3a20d8]
Event: 243.694 Thread 0x000002eafc5f8800 30727       2       com.android.tools.r8.internal.Fm::i (15 bytes)
Event: 243.694 Thread 0x000002eafc5f8800 nmethod 30727 0x000002eaea3a2490 code [0x000002eaea3a2660, 0x000002eaea3a28b8]

GC Heap History (20 events):
Event: 238.793 GC heap after
{Heap after GC invocations=133 (full 0):
 garbage-first heap   total 333824K, used 183746K [0x0000000080000000, 0x0000000100000000)
  region size 1024K, 1 young (1024K), 1 survivors (1024K)
 Metaspace       used 175708K, capacity 179714K, committed 180560K, reserved 1206272K
  class space    used 21758K, capacity 23222K, committed 23552K, reserved 1048576K
}
Event: 239.297 GC heap before
{Heap before GC invocations=133 (full 0):
 garbage-first heap   total 333824K, used 258498K [0x0000000080000000, 0x0000000100000000)
  region size 1024K, 74 young (75776K), 1 survivors (1024K)
 Metaspace       used 175777K, capacity 179814K, committed 180560K, reserved 1206272K
  class space    used 21765K, capacity 23234K, committed 23552K, reserved 1048576K
}
Event: 239.310 GC heap after
{Heap after GC invocations=134 (full 0):
 garbage-first heap   total 333824K, used 183927K [0x0000000080000000, 0x0000000100000000)
  region size 1024K, 1 young (1024K), 1 survivors (1024K)
 Metaspace       used 175777K, capacity 179814K, committed 180560K, reserved 1206272K
  class space    used 21765K, capacity 23234K, committed 23552K, reserved 1048576K
}
Event: 239.938 GC heap before
{Heap before GC invocations=134 (full 0):
 garbage-first heap   total 333824K, used 262775K [0x0000000080000000, 0x0000000100000000)
  region size 1024K, 78 young (79872K), 1 survivors (1024K)
 Metaspace       used 176727K, capacity 180888K, committed 181328K, reserved 1208320K
  class space    used 21888K, capacity 23419K, committed 23552K, reserved 1048576K
}
Event: 239.952 GC heap after
{Heap after GC invocations=135 (full 0):
 garbage-first heap   total 333824K, used 184904K [0x0000000080000000, 0x0000000100000000)
  region size 1024K, 2 young (2048K), 2 survivors (2048K)
 Metaspace       used 176727K, capacity 180888K, committed 181328K, reserved 1208320K
  class space    used 21888K, capacity 23419K, committed 23552K, reserved 1048576K
}
Event: 240.520 GC heap before
{Heap before GC invocations=135 (full 0):
 garbage-first heap   total 333824K, used 265800K [0x0000000080000000, 0x0000000100000000)
  region size 1024K, 82 young (83968K), 2 survivors (2048K)
 Metaspace       used 177279K, capacity 181477K, committed 181712K, reserved 1208320K
  class space    used 21959K, capacity 23524K, committed 23680K, reserved 1048576K
}
Event: 240.526 GC heap after
{Heap after GC invocations=136 (full 0):
 garbage-first heap   total 333824K, used 184655K [0x0000000080000000, 0x0000000100000000)
  region size 1024K, 2 young (2048K), 2 survivors (2048K)
 Metaspace       used 177279K, capacity 181477K, committed 181712K, reserved 1208320K
  class space    used 21959K, capacity 23524K, committed 23680K, reserved 1048576K
}
Event: 240.986 GC heap before
{Heap before GC invocations=136 (full 0):
 garbage-first heap   total 333824K, used 267599K [0x0000000080000000, 0x0000000100000000)
  region size 1024K, 84 young (86016K), 2 survivors (2048K)
 Metaspace       used 177299K, capacity 181479K, committed 181712K, reserved 1208320K
  class space    used 21959K, capacity 23524K, committed 23680K, reserved 1048576K
}
Event: 240.993 GC heap after
{Heap after GC invocations=137 (full 0):
 garbage-first heap   total 333824K, used 186649K [0x0000000080000000, 0x0000000100000000)
  region size 1024K, 4 young (4096K), 4 survivors (4096K)
 Metaspace       used 177299K, capacity 181479K, committed 181712K, reserved 1208320K
  class space    used 21959K, capacity 23524K, committed 23680K, reserved 1048576K
}
Event: 241.458 GC heap before
{Heap before GC invocations=137 (full 0):
 garbage-first heap   total 333824K, used 270617K [0x0000000080000000, 0x0000000100000000)
  region size 1024K, 87 young (89088K), 4 survivors (4096K)
 Metaspace       used 177350K, capacity 181559K, committed 181712K, reserved 1208320K
  class space    used 21964K, capacity 23529K, committed 23680K, reserved 1048576K
}
Event: 241.472 GC heap after
{Heap after GC invocations=138 (full 0):
 garbage-first heap   total 333824K, used 193055K [0x0000000080000000, 0x0000000100000000)
  region size 1024K, 10 young (10240K), 10 survivors (10240K)
 Metaspace       used 177350K, capacity 181559K, committed 181712K, reserved 1208320K
  class space    used 21964K, capacity 23529K, committed 23680K, reserved 1048576K
}
Event: 241.920 GC heap before
{Heap before GC invocations=138 (full 0):
 garbage-first heap   total 333824K, used 275999K [0x0000000080000000, 0x0000000100000000)
  region size 1024K, 91 young (93184K), 10 survivors (10240K)
 Metaspace       used 177371K, capacity 181561K, committed 181712K, reserved 1208320K
  class space    used 21964K, capacity 23529K, committed 23680K, reserved 1048576K
}
Event: 241.947 GC heap after
{Heap after GC invocations=139 (full 0):
 garbage-first heap   total 333824K, used 198276K [0x0000000080000000, 0x0000000100000000)
  region size 1024K, 8 young (8192K), 8 survivors (8192K)
 Metaspace       used 177371K, capacity 181561K, committed 181712K, reserved 1208320K
  class space    used 21964K, capacity 23529K, committed 23680K, reserved 1048576K
}
Event: 242.395 GC heap before
{Heap before GC invocations=139 (full 0):
 garbage-first heap   total 333824K, used 277124K [0x0000000080000000, 0x0000000100000000)
  region size 1024K, 85 young (87040K), 8 survivors (8192K)
 Metaspace       used 177385K, capacity 181562K, committed 181968K, reserved 1208320K
  class space    used 21964K, capacity 23529K, committed 23680K, reserved 1048576K
}
Event: 242.413 GC heap after
{Heap after GC invocations=140 (full 0):
 garbage-first heap   total 333824K, used 202530K [0x0000000080000000, 0x0000000100000000)
  region size 1024K, 5 young (5120K), 5 survivors (5120K)
 Metaspace       used 177385K, capacity 181562K, committed 181968K, reserved 1208320K
  class space    used 21964K, capacity 23529K, committed 23680K, reserved 1048576K
}
Event: 242.850 GC heap before
{Heap before GC invocations=140 (full 0):
 garbage-first heap   total 333824K, used 281378K [0x0000000080000000, 0x0000000100000000)
  region size 1024K, 82 young (83968K), 5 survivors (5120K)
 Metaspace       used 177411K, capacity 181629K, committed 181968K, reserved 1208320K
  class space    used 21971K, capacity 23530K, committed 23680K, reserved 1048576K
}
Event: 242.862 GC heap after
{Heap after GC invocations=141 (full 0):
 garbage-first heap   total 333824K, used 204067K [0x0000000080000000, 0x0000000100000000)
  region size 1024K, 7 young (7168K), 7 survivors (7168K)
 Metaspace       used 177411K, capacity 181629K, committed 181968K, reserved 1208320K
  class space    used 21971K, capacity 23530K, committed 23680K, reserved 1048576K
}
Event: 243.269 GC heap before
{Heap before GC invocations=141 (full 0):
 garbage-first heap   total 333824K, used 282915K [0x0000000080000000, 0x0000000100000000)
  region size 1024K, 84 young (86016K), 7 survivors (7168K)
 Metaspace       used 177429K, capacity 181630K, committed 181968K, reserved 1208320K
  class space    used 21971K, capacity 23530K, committed 23680K, reserved 1048576K
}
Event: 243.281 GC heap after
{Heap after GC invocations=142 (full 0):
 garbage-first heap   total 333824K, used 204344K [0x0000000080000000, 0x0000000100000000)
  region size 1024K, 3 young (3072K), 3 survivors (3072K)
 Metaspace       used 177429K, capacity 181630K, committed 181968K, reserved 1208320K
  class space    used 21971K, capacity 23530K, committed 23680K, reserved 1048576K
}
Event: 243.704 GC heap before
{Heap before GC invocations=142 (full 0):
 garbage-first heap   total 333824K, used 283192K [0x0000000080000000, 0x0000000100000000)
  region size 1024K, 81 young (82944K), 3 survivors (3072K)
 Metaspace       used 177447K, capacity 181630K, committed 181968K, reserved 1208320K
  class space    used 21973K, capacity 23530K, committed 23680K, reserved 1048576K
}

Deoptimization events (20 events):
Event: 242.702 Thread 0x000002ea802f3800 Uncommon trap: trap_request=0xffffff4d fr.pc=0x000002eaeeda2e44 relative=0x0000000000001aa4
Event: 242.702 Thread 0x000002ea802f3800 Uncommon trap: reason=unstable_if action=reinterpret pc=0x000002eaeeda2e44 method=com.android.tools.r8.internal.kn.c()Lcom/android/tools/r8/internal/ln; @ 16 c2
Event: 242.702 Thread 0x000002ea802f3800 DEOPT PACKING pc=0x000002eaeeda2e44 sp=0x000000f3e96f9dc0
Event: 242.702 Thread 0x000002ea802f3800 DEOPT UNPACKING pc=0x000002eae653a1af sp=0x000000f3e96f9d98 mode 2
Event: 243.400 Thread 0x000002ea802f3800 Uncommon trap: trap_request=0xffffffc6 fr.pc=0x000002eaef26945c relative=0x0000000000000e1c
Event: 243.400 Thread 0x000002ea802f3800 Uncommon trap: reason=bimorphic_or_optimized_type_check action=maybe_recompile pc=0x000002eaef26945c method=com.android.tools.r8.ir.regalloc.b.a(Lcom/android/tools/r8/internal/lY;Ljava/util/Collection;)Z @ 1 c2
Event: 243.400 Thread 0x000002ea802f3800 DEOPT PACKING pc=0x000002eaef26945c sp=0x000000f3e96f97a0
Event: 243.400 Thread 0x000002ea802f3800 DEOPT UNPACKING pc=0x000002eae653a1af sp=0x000000f3e96f96c8 mode 2
Event: 243.400 Thread 0x000002ea802f3800 Uncommon trap: trap_request=0xffffffc6 fr.pc=0x000002eaef26945c relative=0x0000000000000e1c
Event: 243.400 Thread 0x000002ea802f3800 Uncommon trap: reason=bimorphic_or_optimized_type_check action=maybe_recompile pc=0x000002eaef26945c method=com.android.tools.r8.ir.regalloc.b.a(Lcom/android/tools/r8/internal/lY;Ljava/util/Collection;)Z @ 1 c2
Event: 243.400 Thread 0x000002ea802f3800 DEOPT PACKING pc=0x000002eaef26945c sp=0x000000f3e96f97a0
Event: 243.400 Thread 0x000002ea802f3800 DEOPT UNPACKING pc=0x000002eae653a1af sp=0x000000f3e96f96c8 mode 2
Event: 243.400 Thread 0x000002ea802f3800 Uncommon trap: trap_request=0xffffffc6 fr.pc=0x000002eaef26945c relative=0x0000000000000e1c
Event: 243.401 Thread 0x000002ea802f3800 Uncommon trap: reason=bimorphic_or_optimized_type_check action=maybe_recompile pc=0x000002eaef26945c method=com.android.tools.r8.ir.regalloc.b.a(Lcom/android/tools/r8/internal/lY;Ljava/util/Collection;)Z @ 1 c2
Event: 243.401 Thread 0x000002ea802f3800 DEOPT PACKING pc=0x000002eaef26945c sp=0x000000f3e96f97a0
Event: 243.401 Thread 0x000002ea802f3800 DEOPT UNPACKING pc=0x000002eae653a1af sp=0x000000f3e96f96c8 mode 2
Event: 243.401 Thread 0x000002ea802f3800 Uncommon trap: trap_request=0xffffffc6 fr.pc=0x000002eaef26945c relative=0x0000000000000e1c
Event: 243.401 Thread 0x000002ea802f3800 Uncommon trap: reason=bimorphic_or_optimized_type_check action=maybe_recompile pc=0x000002eaef26945c method=com.android.tools.r8.ir.regalloc.b.a(Lcom/android/tools/r8/internal/lY;Ljava/util/Collection;)Z @ 1 c2
Event: 243.401 Thread 0x000002ea802f3800 DEOPT PACKING pc=0x000002eaef26945c sp=0x000000f3e96f97a0
Event: 243.401 Thread 0x000002ea802f3800 DEOPT UNPACKING pc=0x000002eae653a1af sp=0x000000f3e96f96c8 mode 2

Classes redefined (0 events):
No events

Internal exceptions (20 events):
Event: 231.774 Thread 0x000002ea8569f800 Exception <a 'sun/nio/fs/WindowsException'{0x000000008d81f590}> (0x000000008d81f590) thrown at [./src/hotspot/share/prims/jni.cpp, line 617]
Event: 231.788 Thread 0x000002ea802f3800 Exception <a 'sun/nio/fs/WindowsException'{0x000000008d21e678}> (0x000000008d21e678) thrown at [./src/hotspot/share/prims/jni.cpp, line 617]
Event: 231.860 Thread 0x000002ea87893800 Exception <a 'sun/nio/fs/WindowsException'{0x00000000902ebe90}> (0x00000000902ebe90) thrown at [./src/hotspot/share/prims/jni.cpp, line 617]
Event: 231.932 Thread 0x000002ea87891000 Exception <a 'sun/nio/fs/WindowsException'{0x000000008f6e7808}> (0x000000008f6e7808) thrown at [./src/hotspot/share/prims/jni.cpp, line 617]
Event: 232.096 Thread 0x000002ea802f3800 Exception <a 'java/lang/IncompatibleClassChangeError'{0x000000008f17dcb8}: Found class java.lang.Object, but interface was expected> (0x000000008f17dcb8) thrown at [./src/hotspot/share/interpreter/linkResolver.cpp, line 839]
Event: 232.096 Thread 0x000002ea8569f800 Exception <a 'java/lang/IncompatibleClassChangeError'{0x000000008f117ce0}: Found class java.lang.Object, but interface was expected> (0x000000008f117ce0) thrown at [./src/hotspot/share/interpreter/linkResolver.cpp, line 839]
Event: 232.096 Thread 0x000002ea87891000 Exception <a 'java/lang/IncompatibleClassChangeError'{0x000000008f2dd638}: Found class java.lang.Object, but interface was expected> (0x000000008f2dd638) thrown at [./src/hotspot/share/interpreter/linkResolver.cpp, line 839]
Event: 233.633 Thread 0x000002ea8569f800 Exception <a 'java/lang/NoSuchMethodError'{0x000000008f8db518}: 'java.lang.Object java.lang.invoke.DirectMethodHandle$Holder.invokeStatic(java.lang.Object, int, java.lang.Object, java.lang.Object)'> (0x000000008f8db518) thrown at [./src/hotspot/share/interpreter/linkResolver.cpp, line 773]
Event: 233.633 Thread 0x000002ea87893800 Exception <a 'java/lang/NoSuchMethodError'{0x000000008f830360}: 'java.lang.Object java.lang.invoke.DirectMethodHandle$Holder.invokeStatic(java.lang.Object, int, java.lang.Object, java.lang.Object)'> (0x000000008f830360) thrown at [./src/hotspot/share/interpreter/linkResolver.cpp, line 773]
Event: 234.025 Thread 0x000002ea87893800 Implicit null exception at 0x000002eaef201104 to 0x000002eaef2076c4
Event: 234.370 Thread 0x000002ea8569f800 Exception <a 'java/lang/IncompatibleClassChangeError'{0x00000000906fb830}: Found class java.lang.Object, but interface was expected> (0x00000000906fb830) thrown at [./src/hotspot/share/interpreter/linkResolver.cpp, line 839]
Event: 234.370 Thread 0x000002ea802f3800 Exception <a 'java/lang/IncompatibleClassChangeError'{0x000000009060d3e8}: Found class java.lang.Object, but interface was expected> (0x000000009060d3e8) thrown at [./src/hotspot/share/interpreter/linkResolver.cpp, line 839]
Event: 234.371 Thread 0x000002ea8569f800 Exception <a 'java/lang/IncompatibleClassChangeError'{0x0000000090502c98}: Found class java.lang.Object, but interface was expected> (0x0000000090502c98) thrown at [./src/hotspot/share/interpreter/linkResolver.cpp, line 839]
Event: 234.371 Thread 0x000002ea87893800 Exception <a 'java/lang/IncompatibleClassChangeError'{0x0000000090676638}: Found class java.lang.Object, but interface was expected> (0x0000000090676638) thrown at [./src/hotspot/share/interpreter/linkResolver.cpp, line 839]
Event: 234.371 Thread 0x000002ea802f3800 Exception <a 'java/lang/IncompatibleClassChangeError'{0x0000000090610af0}: Found class java.lang.Object, but interface was expected> (0x0000000090610af0) thrown at [./src/hotspot/share/interpreter/linkResolver.cpp, line 839]
Event: 234.507 Thread 0x000002ea8569f800 Exception <a 'java/lang/NoSuchMethodError'{0x000000008fd9d148}: 'void java.lang.invoke.DirectMethodHandle$Holder.invokeSpecial(java.lang.Object, java.lang.Object, int, java.lang.Object)'> (0x000000008fd9d148) thrown at [./src/hotspot/share/interpreter/linkResolver.cpp, line 773]
Event: 237.495 Thread 0x000002ea802f3800 Exception <a 'java/lang/NoSuchMethodError'{0x0000000092f6fb38}: 'int java.lang.invoke.DirectMethodHandle$Holder.invokeInterface(java.lang.Object, java.lang.Object, int)'> (0x0000000092f6fb38) thrown at [./src/hotspot/share/interpreter/linkResolver.cpp, line 773]
Event: 239.870 Thread 0x000002ea8569f800 Exception <a 'java/lang/IncompatibleClassChangeError'{0x0000000090af3278}: Found class java.lang.Object, but interface was expected> (0x0000000090af3278) thrown at [./src/hotspot/share/interpreter/linkResolver.cpp, line 839]
Event: 240.365 Thread 0x000002ea8569f800 Exception <a 'sun/nio/fs/WindowsException'{0x0000000090d922e0}> (0x0000000090d922e0) thrown at [./src/hotspot/share/prims/jni.cpp, line 617]
Event: 241.180 Thread 0x000002ea8569f800 Exception <a 'sun/nio/fs/WindowsException'{0x0000000092091628}> (0x0000000092091628) thrown at [./src/hotspot/share/prims/jni.cpp, line 617]

Events (20 events):
Event: 241.348 loading class com/android/tools/r8/code/M0 done
Event: 241.348 loading class com/android/tools/r8/code/M0
Event: 241.348 loading class com/android/tools/r8/code/M0 done
Event: 241.458 Executing VM operation: G1CollectForAllocation
Event: 241.472 Executing VM operation: G1CollectForAllocation done
Event: 241.917 Executing VM operation: G1CollectForAllocation
Event: 241.948 Executing VM operation: G1CollectForAllocation done
Event: 242.393 Executing VM operation: G1CollectForAllocation
Event: 242.413 Executing VM operation: G1CollectForAllocation done
Event: 242.459 loading class com/android/tools/r8/internal/HD
Event: 242.459 loading class com/android/tools/r8/internal/HD done
Event: 242.459 loading class com/android/tools/r8/internal/HD
Event: 242.459 loading class com/android/tools/r8/internal/HD done
Event: 242.848 Executing VM operation: G1CollectForAllocation
Event: 242.862 Executing VM operation: G1CollectForAllocation done
Event: 243.268 Executing VM operation: G1CollectForAllocation
Event: 243.281 Executing VM operation: G1CollectForAllocation done
Event: 243.349 loading class com/android/tools/r8/internal/wF
Event: 243.349 loading class com/android/tools/r8/internal/wF done
Event: 243.703 Executing VM operation: G1CollectForAllocation


Dynamic libraries:
0x00007ff694f60000 - 0x00007ff694f6d000 	C:\Users\Toyem Ryan\.jdks\corretto-11.0.16.1\bin\java.exe
0x00007fffafb50000 - 0x00007fffafd48000 	C:\WINDOWS\SYSTEM32\ntdll.dll
0x00007fffae530000 - 0x00007fffae5ed000 	C:\WINDOWS\System32\KERNEL32.DLL
0x00007fffad580000 - 0x00007fffad84e000 	C:\WINDOWS\System32\KERNELBASE.dll
0x00007fffad850000 - 0x00007fffad950000 	C:\WINDOWS\System32\ucrtbase.dll
0x00007fffa7e50000 - 0x00007fffa7e69000 	C:\Users\Toyem Ryan\.jdks\corretto-11.0.16.1\bin\VCRUNTIME140.dll
0x00007fffa6b10000 - 0x00007fffa6b27000 	C:\Users\Toyem Ryan\.jdks\corretto-11.0.16.1\bin\jli.dll
0x00007fffaee50000 - 0x00007fffaeff0000 	C:\WINDOWS\System32\USER32.dll
0x00007fffad3d0000 - 0x00007fffad3f2000 	C:\WINDOWS\System32\win32u.dll
0x00007fffaf160000 - 0x00007fffaf18a000 	C:\WINDOWS\System32\GDI32.dll
0x00007fffad2c0000 - 0x00007fffad3cb000 	C:\WINDOWS\System32\gdi32full.dll
0x00007fff9c320000 - 0x00007fff9c5ba000 	C:\WINDOWS\WinSxS\amd64_microsoft.windows.common-controls_6595b64144ccf1df_6.0.19041.1110_none_60b5254171f9507e\COMCTL32.dll
0x00007fffad4b0000 - 0x00007fffad54d000 	C:\WINDOWS\System32\msvcp_win.dll
0x00007fffae430000 - 0x00007fffae4ce000 	C:\WINDOWS\System32\msvcrt.dll
0x00007fffaf390000 - 0x00007fffaf3c0000 	C:\WINDOWS\System32\IMM32.DLL
0x00007fff88240000 - 0x00007fff882db000 	C:\Users\Toyem Ryan\.jdks\corretto-11.0.16.1\bin\msvcp140.dll
0x00007fff4b410000 - 0x00007fff4bf94000 	C:\Users\Toyem Ryan\.jdks\corretto-11.0.16.1\bin\server\jvm.dll
0x00007fffae380000 - 0x00007fffae42e000 	C:\WINDOWS\System32\ADVAPI32.dll
0x00007fffaf060000 - 0x00007fffaf0fc000 	C:\WINDOWS\System32\sechost.dll
0x00007fffadbb0000 - 0x00007fffadcd5000 	C:\WINDOWS\System32\RPCRT4.dll
0x00007fffae890000 - 0x00007fffae898000 	C:\WINDOWS\System32\PSAPI.DLL
0x00007fff7fa90000 - 0x00007fff7fa99000 	C:\WINDOWS\SYSTEM32\WSOCK32.dll
0x00007fff9c770000 - 0x00007fff9c797000 	C:\WINDOWS\SYSTEM32\WINMM.dll
0x00007fffaeff0000 - 0x00007fffaf05b000 	C:\WINDOWS\System32\WS2_32.dll
0x00007fffa6580000 - 0x00007fffa658a000 	C:\WINDOWS\SYSTEM32\VERSION.dll
0x00007fffabb00000 - 0x00007fffabb12000 	C:\WINDOWS\SYSTEM32\kernel.appcore.dll
0x00007fffa7e40000 - 0x00007fffa7e50000 	C:\Users\Toyem Ryan\.jdks\corretto-11.0.16.1\bin\verify.dll
0x00007fffab140000 - 0x00007fffab324000 	C:\WINDOWS\SYSTEM32\DBGHELP.DLL
0x00007fff97a60000 - 0x00007fff97a8c000 	C:\WINDOWS\SYSTEM32\dbgcore.DLL
0x00007fffad950000 - 0x00007fffad9d2000 	C:\WINDOWS\System32\bcryptPrimitives.dll
0x00007fffa6ae0000 - 0x00007fffa6b08000 	C:\Users\Toyem Ryan\.jdks\corretto-11.0.16.1\bin\java.dll
0x00007fffa7530000 - 0x00007fffa753a000 	C:\Users\Toyem Ryan\.jdks\corretto-11.0.16.1\bin\jimage.dll
0x00007fffa6ac0000 - 0x00007fffa6ad8000 	C:\Users\Toyem Ryan\.jdks\corretto-11.0.16.1\bin\zip.dll
0x00007fffaf3c0000 - 0x00007fffafb04000 	C:\WINDOWS\System32\SHELL32.dll
0x00007fffab340000 - 0x00007fffabad4000 	C:\WINDOWS\SYSTEM32\windows.storage.dll
0x00007fffadf90000 - 0x00007fffae2e4000 	C:\WINDOWS\System32\combase.dll
0x00007fffaccd0000 - 0x00007fffacd00000 	C:\WINDOWS\SYSTEM32\Wldp.dll
0x00007fffae5f0000 - 0x00007fffae69d000 	C:\WINDOWS\System32\SHCORE.dll
0x00007fffaf100000 - 0x00007fffaf155000 	C:\WINDOWS\System32\shlwapi.dll
0x00007fffad1b0000 - 0x00007fffad1cf000 	C:\WINDOWS\SYSTEM32\profapi.dll
0x00007fffa6aa0000 - 0x00007fffa6ab9000 	C:\Users\Toyem Ryan\.jdks\corretto-11.0.16.1\bin\net.dll
0x00007fff9d420000 - 0x00007fff9d52a000 	C:\WINDOWS\SYSTEM32\WINHTTP.dll
0x00007fffaca30000 - 0x00007fffaca9a000 	C:\WINDOWS\system32\mswsock.dll
0x00007fff93c90000 - 0x00007fff93ca3000 	C:\Users\Toyem Ryan\.jdks\corretto-11.0.16.1\bin\nio.dll
0x00007fffa6ec0000 - 0x00007fffa6ee7000 	C:\Users\Toyem Ryan\.gradle\native\e1d6ef7f7dcc3fd88c89a11ec53ec762bb8ba0a96d01ffa2cd45eb1d1d8dd5c5\windows-amd64\native-platform.dll
0x00007fff713d0000 - 0x00007fff71514000 	C:\Users\Toyem Ryan\.gradle\native\5664cfc778a61ccfe75a443a1ab52a65af34e5dc3c78e0209fed803814484fcb\windows-amd64\native-platform-file-events.dll
0x00007fffa6a90000 - 0x00007fffa6a99000 	C:\Users\Toyem Ryan\.jdks\corretto-11.0.16.1\bin\management.dll
0x00007fffa69e0000 - 0x00007fffa69eb000 	C:\Users\Toyem Ryan\.jdks\corretto-11.0.16.1\bin\management_ext.dll
0x00007fffacc30000 - 0x00007fffacc48000 	C:\WINDOWS\SYSTEM32\CRYPTSP.dll
0x00007fffac340000 - 0x00007fffac374000 	C:\WINDOWS\system32\rsaenh.dll
0x00007fffad550000 - 0x00007fffad577000 	C:\WINDOWS\System32\bcrypt.dll
0x00007fffad130000 - 0x00007fffad15e000 	C:\WINDOWS\SYSTEM32\USERENV.dll
0x00007fffacc20000 - 0x00007fffacc2c000 	C:\WINDOWS\SYSTEM32\CRYPTBASE.dll
0x00007fffac6d0000 - 0x00007fffac70b000 	C:\WINDOWS\SYSTEM32\IPHLPAPI.DLL
0x00007fffaf190000 - 0x00007fffaf198000 	C:\WINDOWS\System32\NSI.dll
0x00007fffa48d0000 - 0x00007fffa48e7000 	C:\WINDOWS\SYSTEM32\dhcpcsvc6.DLL
0x00007fffa5470000 - 0x00007fffa548d000 	C:\WINDOWS\SYSTEM32\dhcpcsvc.DLL
0x00007fffac710000 - 0x00007fffac7da000 	C:\WINDOWS\SYSTEM32\DNSAPI.dll
0x00007fff90740000 - 0x00007fff9075e000 	C:\Users\Toyem Ryan\AppData\Local\Temp\native-platform17219038537425047880dir\native-platform.dll
0x00007fff99580000 - 0x00007fff99587000 	C:\Users\Toyem Ryan\.jdks\corretto-11.0.16.1\bin\rmi.dll
0x00007fff88880000 - 0x00007fff888a5000 	C:\Users\Toyem Ryan\.jdks\corretto-11.0.16.1\bin\sunec.dll
0x00007fff9c810000 - 0x00007fff9c81a000 	C:\Windows\System32\rasadhlp.dll
0x00007fff9ca60000 - 0x00007fff9cae0000 	C:\WINDOWS\System32\fwpuclnt.dll
0x00007fff94410000 - 0x00007fff9441e000 	C:\Users\Toyem Ryan\.jdks\corretto-11.0.16.1\bin\sunmscapi.dll
0x00007fffada50000 - 0x00007fffadba6000 	C:\WINDOWS\System32\CRYPT32.dll
0x00007fffacd40000 - 0x00007fffacd67000 	C:\WINDOWS\SYSTEM32\ncrypt.dll
0x00007fffacd00000 - 0x00007fffacd3b000 	C:\WINDOWS\SYSTEM32\NTASN1.dll
0x00007fffabf70000 - 0x00007fffabfa3000 	C:\WINDOWS\SYSTEM32\ntmarta.dll

dbghelp: loaded successfully - version: 4.0.5 - missing functions: none
symbol engine: initialized successfully - sym options: 0x614 - pdb path: .;C:\Users\Toyem Ryan\.jdks\corretto-11.0.16.1\bin;C:\WINDOWS\SYSTEM32;C:\WINDOWS\WinSxS\amd64_microsoft.windows.common-controls_6595b64144ccf1df_6.0.19041.1110_none_60b5254171f9507e;C:\Users\Toyem Ryan\.jdks\corretto-11.0.16.1\bin\server;C:\Users\Toyem Ryan\.gradle\native\e1d6ef7f7dcc3fd88c89a11ec53ec762bb8ba0a96d01ffa2cd45eb1d1d8dd5c5\windows-amd64;C:\Users\Toyem Ryan\.gradle\native\5664cfc778a61ccfe75a443a1ab52a65af34e5dc3c78e0209fed803814484fcb\windows-amd64;C:\Users\Toyem Ryan\AppData\Local\Temp\native-platform17219038537425047880dir

VM Arguments:
jvm_args: --add-opens=java.base/java.util=ALL-UNNAMED --add-opens=java.base/java.lang=ALL-UNNAMED --add-opens=java.base/java.lang.invoke=ALL-UNNAMED --add-opens=java.base/java.util=ALL-UNNAMED --add-opens=java.prefs/java.util.prefs=ALL-UNNAMED --add-opens=java.prefs/java.util.prefs=ALL-UNNAMED --add-opens=java.base/java.nio.charset=ALL-UNNAMED --add-opens=java.base/java.net=ALL-UNNAMED --add-opens=java.base/java.util.concurrent.atomic=ALL-UNNAMED -Xmx2048m -Dfile.encoding=UTF-8 -Duser.country=IT -Duser.language=it -Duser.variant 
java_command: org.gradle.launcher.daemon.bootstrap.GradleDaemon 7.3.3
java_class_path (initial): C:\Users\Toyem Ryan\.gradle\wrapper\dists\gradle-7.3.3-bin\6a41zxkdtcxs8rphpq6y0069z\gradle-7.3.3\lib\gradle-launcher-7.3.3.jar
Launcher Type: SUN_STANDARD

[Global flags]
     intx CICompilerCount                          = 3                                         {product} {ergonomic}
     uint ConcGCThreads                            = 1                                         {product} {ergonomic}
     uint G1ConcRefinementThreads                  = 4                                         {product} {ergonomic}
   size_t G1HeapRegionSize                         = 1048576                                   {product} {ergonomic}
    uintx GCDrainStackTargetSize                   = 64                                        {product} {ergonomic}
   size_t InitialHeapSize                          = 132120576                                 {product} {ergonomic}
   size_t MarkStackSize                            = 4194304                                   {product} {ergonomic}
   size_t MaxHeapSize                              = 2147483648                                {product} {command line}
   size_t MaxNewSize                               = 1287651328                                {product} {ergonomic}
   size_t MinHeapDeltaBytes                        = 1048576                                   {product} {ergonomic}
    uintx NonNMethodCodeHeapSize                   = 5830732                                {pd product} {ergonomic}
    uintx NonProfiledCodeHeapSize                  = 122913754                              {pd product} {ergonomic}
    uintx ProfiledCodeHeapSize                     = 122913754                              {pd product} {ergonomic}
    uintx ReservedCodeCacheSize                    = 251658240                              {pd product} {ergonomic}
     bool SegmentedCodeCache                       = true                                      {product} {ergonomic}
     bool UseCompressedClassPointers               = true                                 {lp64_product} {ergonomic}
     bool UseCompressedOops                        = true                                 {lp64_product} {ergonomic}
     bool UseG1GC                                  = true                                      {product} {ergonomic}
     bool UseLargePagesIndividualAllocation        = false                                  {pd product} {ergonomic}

Logging:
Log output configuration:
 #0: stdout all=warning uptime,level,tags
 #1: stderr all=off uptime,level,tags

Environment Variables:
JAVA_HOME=C:\Program Files\Java\jdk1.8.0_281
PATH=C:\Program Files (x86)\Common Files\Intel\Shared Libraries\redist\intel64\compiler;C:\Program Files (x86)\Common Files\Oracle\Java\javapath;C:\WINDOWS\system32;C:\WINDOWS;C:\WINDOWS\System32\Wbem;C:\WINDOWS\System32\WindowsPowerShell\v1.0\;C:\WINDOWS\System32\OpenSSH\;C:\Program Files (x86)\NVIDIA Corporation\PhysX\Common;C:\Program Files\NVIDIA Corporation\NVIDIA NvDLISR;C:\Program Files\MATLAB\R2020a\runtime\win64;C:\Program Files\MATLAB\R2020a\bin;C:\Program Files\Java\jdk1.8.0_281\bin;C:\Program Files\dotnet\;C:\Program Files\Git\cmd;C:\Users\Toyem Ryan\AppData\Local\Microsoft\WindowsApps
USERNAME=Toyem Ryan
OS=Windows_NT
PROCESSOR_IDENTIFIER=Intel64 Family 6 Model 78 Stepping 3, GenuineIntel
TMP=C:\Users\TOYEMR~1\AppData\Local\Temp
TEMP=C:\Users\TOYEMR~1\AppData\Local\Temp



---------------  S Y S T E M  ---------------

OS: Windows 10 , 64 bit Build 19041 (10.0.19041.1889)
OS uptime: 0 days 12:44 hours

CPU:total 4 (initial active 4) (2 cores per cpu, 2 threads per core) family 6 model 78 stepping 3 microcode 0xcc, cmov, cx8, fxsr, mmx, sse, sse2, sse3, ssse3, sse4.1, sse4.2, popcnt, avx, avx2, aes, clmul, erms, 3dnowpref, lzcnt, ht, tsc, tscinvbit, bmi1, bmi2, adx, fma

Memory: 4k page, system-wide physical 8059M (367M free)
TotalPageFile size 12075M (AvailPageFile size 43M)
current process WorkingSet (physical memory assigned to process): 801M, peak: 801M
current process commit charge ("private bytes"): 880M, peak: 946M

vm_info: OpenJDK 64-Bit Server VM (11.0.16.1+9-LTS) for windows-amd64 JRE (11.0.16.1+9-LTS), built on Aug 12 2022 20:01:58 by "Administrator" with MS VC++ 15.9 (VS2017)

END.
